#
# There is insufficient memory for the Java Runtime Environment to continue.
# Native memory allocation (malloc) failed to allocate 32744 bytes for ChunkPool::allocate
# Possible reasons:
#   The system is out of physical RAM or swap space
#   In 32 bit mode, the process size limit was hit
# Possible solutions:
#   Reduce memory load on the system
#   Increase physical memory or swap space
#   Check if swap backing store is full
#   Use 64 bit Java on a 64 bit OS
#   Decrease Java heap size (-Xmx/-Xms)
#   Decrease number of Java threads
#   Decrease Java thread stack sizes (-Xss)
#   Set larger code cache with -XX:ReservedCodeCacheSize=
# This output file may be truncated or incomplete.
#
#  Out of Memory Error (allocation.cpp:273), pid=10008, tid=18764
#
# JRE version: Java(TM) SE Runtime Environment (8.0_25-b18) (build 1.8.0_25-b18)
# Java VM: Java HotSpot(TM) 64-Bit Server VM (25.25-b02 mixed mode windows-amd64 compressed oops)
# Failed to write core dump. Minidumps are not enabled by default on client versions of Windows
#

---------------  T H R E A D  ---------------

Current thread (0x00000000146ce800):  JavaThread "C2 CompilerThread0" daemon [_thread_in_native, id=18764, stack(0x0000000015c40000,0x0000000015d40000)]

Stack: [0x0000000015c40000,0x0000000015d40000]
Native frames: (J=compiled Java code, j=interpreted, Vv=VM code, C=native code)
V  [jvm.dll+0x31667a]
V  [jvm.dll+0x267073]
V  [jvm.dll+0x267cb3]
V  [jvm.dll+0x25f5b5]
V  [jvm.dll+0xbeec1]
V  [jvm.dll+0xbf60c]
V  [jvm.dll+0x494ec4]
V  [jvm.dll+0x44611c]
V  [jvm.dll+0x45130e]
V  [jvm.dll+0x4538f8]
V  [jvm.dll+0x437372]
V  [jvm.dll+0x98a02]
V  [jvm.dll+0x991f3]
V  [jvm.dll+0x22bde4]
V  [jvm.dll+0x2852fa]
C  [msvcr100.dll+0x21d9f]
C  [msvcr100.dll+0x21e3b]
C  [KERNEL32.DLL+0x18102]
C  [ntdll.dll+0x5c574]


Current CompileTask:
C2:   1636  515       4       com.android.dx.util.IntList::growIfNeeded (46 bytes)


---------------  P R O C E S S  ---------------

Java Threads: ( => current thread )
  0x0000000016164800 JavaThread "pool-1-thread-4" [_thread_blocked, id=20840, stack(0x0000000016940000,0x0000000016a40000)]
  0x000000001615a800 JavaThread "pool-1-thread-3" [_thread_blocked, id=14700, stack(0x0000000016840000,0x0000000016940000)]
  0x000000001614f800 JavaThread "pool-1-thread-2" [_thread_blocked, id=6476, stack(0x0000000016740000,0x0000000016840000)]
  0x0000000016088800 JavaThread "pool-2-thread-1" [_thread_blocked, id=19196, stack(0x0000000016640000,0x0000000016740000)]
  0x0000000016087800 JavaThread "pool-1-thread-1" [_thread_blocked, id=20972, stack(0x0000000016540000,0x0000000016640000)]
  0x0000000015f6e800 JavaThread "Service Thread" daemon [_thread_blocked, id=6140, stack(0x0000000016340000,0x0000000016440000)]
  0x00000000146e8000 JavaThread "C1 CompilerThread2" daemon [_thread_blocked, id=19724, stack(0x0000000015e40000,0x0000000015f40000)]
  0x00000000146d3000 JavaThread "C2 CompilerThread1" daemon [_thread_blocked, id=8708, stack(0x0000000015d40000,0x0000000015e40000)]
=>0x00000000146ce800 JavaThread "C2 CompilerThread0" daemon [_thread_in_native, id=18764, stack(0x0000000015c40000,0x0000000015d40000)]
  0x00000000146cc000 JavaThread "Attach Listener" daemon [_thread_blocked, id=8728, stack(0x0000000015b40000,0x0000000015c40000)]
  0x00000000146cb000 JavaThread "Signal Dispatcher" daemon [_thread_blocked, id=15792, stack(0x0000000015a40000,0x0000000015b40000)]
  0x0000000001fbf000 JavaThread "Finalizer" daemon [_thread_blocked, id=15308, stack(0x0000000015930000,0x0000000015a30000)]
  0x0000000001fbc000 JavaThread "Reference Handler" daemon [_thread_blocked, id=6956, stack(0x0000000015830000,0x0000000015930000)]
  0x0000000001dce000 JavaThread "main" [_thread_blocked, id=8216, stack(0x0000000001dd0000,0x0000000001ed0000)]

Other Threads:
  0x0000000014696800 VMThread [stack: 0x0000000015730000,0x0000000015830000] [id=13176]
  0x0000000015f70800 WatcherThread [stack: 0x0000000016440000,0x0000000016540000] [id=19972]

VM state:at safepoint (normal execution)

VM Mutex/Monitor currently owned by a thread:  ([mutex/lock_event])
[0x0000000001dcd280] Threads_lock - owner thread: 0x0000000014696800
[0x0000000001dcc680] Heap_lock - owner thread: 0x00000000146e8000
[0x0000000001ed14d0] MethodData_lock - owner thread: 0x00000000146e8000

Heap:
 PSYoungGen      total 37888K, used 3695K [0x00000000eab00000, 0x00000000ef500000, 0x0000000100000000)
  eden space 32768K, 0% used [0x00000000eab00000,0x00000000eab00000,0x00000000ecb00000)
  from space 5120K, 72% used [0x00000000ecb00000,0x00000000ece9be20,0x00000000ed000000)
  to   space 5120K, 0% used [0x00000000ef000000,0x00000000ef000000,0x00000000ef500000)
 ParOldGen       total 86016K, used 8K [0x00000000c0000000, 0x00000000c5400000, 0x00000000eab00000)
  object space 86016K, 0% used [0x00000000c0000000,0x00000000c0002000,0x00000000c5400000)
 Metaspace       used 5303K, capacity 6448K, committed 6528K, reserved 1060864K
  class space    used 569K, capacity 616K, committed 640K, reserved 1048576K

Card table byte_map: [0x00000000113a0000,0x00000000115b0000] byte_map_base: 0x0000000010da0000

Marking Bits: (ParMarkBitMap*) 0x000000006578d490
 Begin Bits: [0x0000000011b10000, 0x0000000012b10000)
 End Bits:   [0x0000000012b10000, 0x0000000013b10000)

Polling page: 0x0000000001d70000

CodeCache: size=245760Kb used=2476Kb max_used=2476Kb free=243283Kb
 bounds [0x0000000001fe0000, 0x0000000002250000, 0x0000000010fe0000]
 total_blobs=843 nmethods=580 adapters=177
 compilation: enabled

Compilation events (10 events):
Event: 1.366 Thread 0x00000000146ce800  475       4       com.android.dx.cf.iface.StdAttributeList::findFirst (44 bytes)
Event: 1.366 Thread 0x00000000146e8000 nmethod 490 0x00000000021f8f10 code [0x00000000021f90c0, 0x00000000021f9768]
Event: 1.366 Thread 0x00000000146e8000  491   !   3       com.android.dx.cf.code.BytecodeArray::parseInstruction (2764 bytes)
Event: 1.370 Thread 0x00000000146ce800 nmethod 475 0x00000000021f9d10 code [0x00000000021f9e60, 0x00000000021fa158]
Event: 1.374 Thread 0x00000000146ce800  506       4       java.util.ArrayList$Itr::hasNext (20 bytes)
Event: 1.375 Thread 0x00000000146ce800 nmethod 506 0x00000000021fcd10 code [0x00000000021fce40, 0x00000000021fceb8]
Event: 1.376 Thread 0x00000000146ce800  512       4       java.util.ArrayList$Itr::next (66 bytes)
Event: 1.378 Thread 0x00000000146ce800 nmethod 512 0x00000000021f8b90 code [0x00000000021f8ce0, 0x00000000021f8dd8]
Event: 1.383 Thread 0x00000000146ce800  515       4       com.android.dx.util.IntList::growIfNeeded (46 bytes)
Event: 1.385 Thread 0x00000000146d3000 nmethod 472 0x00000000021fff10 code [0x0000000002200120, 0x0000000002200c90]

GC Heap History (0 events):
No events

Deoptimization events (10 events):
Event: 0.701 Thread 0x000000001615a800 Uncommon trap: reason=class_check action=maybe_recompile pc=0x000000000218e968 method=com.android.dx.rop.cst.Constant.compareTo(Ljava/lang/Object;)I @ 2
Event: 0.701 Thread 0x000000001615a800 Uncommon trap: reason=class_check action=maybe_recompile pc=0x000000000218e968 method=com.android.dx.rop.cst.Constant.compareTo(Ljava/lang/Object;)I @ 2
Event: 0.798 Thread 0x0000000016164800 Uncommon trap: reason=speculate_class_check action=maybe_recompile pc=0x000000000218dc84 method=com.android.dx.rop.cst.Constant.compareTo(Lcom/android/dx/rop/cst/Constant;)I @ 29
Event: 0.798 Thread 0x0000000016164800 Uncommon trap: reason=speculate_class_check action=maybe_recompile pc=0x000000000218dc84 method=com.android.dx.rop.cst.Constant.compareTo(Lcom/android/dx/rop/cst/Constant;)I @ 29
Event: 0.798 Thread 0x0000000016164800 Uncommon trap: reason=speculate_class_check action=maybe_recompile pc=0x000000000218dc84 method=com.android.dx.rop.cst.Constant.compareTo(Lcom/android/dx/rop/cst/Constant;)I @ 29
Event: 0.798 Thread 0x0000000016164800 Uncommon trap: reason=speculate_class_check action=maybe_recompile pc=0x000000000218dc84 method=com.android.dx.rop.cst.Constant.compareTo(Lcom/android/dx/rop/cst/Constant;)I @ 29
Event: 1.288 Thread 0x0000000016164800 Uncommon trap: reason=class_check action=maybe_recompile pc=0x000000000218c6d0 method=com.android.dx.rop.cst.CstMemberRef.compareTo0(Lcom/android/dx/rop/cst/Constant;)I @ 1
Event: 1.289 Thread 0x0000000016164800 Uncommon trap: reason=class_check action=maybe_recompile pc=0x000000000218c6d0 method=com.android.dx.rop.cst.CstMemberRef.compareTo0(Lcom/android/dx/rop/cst/Constant;)I @ 1
Event: 1.289 Thread 0x0000000016164800 Uncommon trap: reason=class_check action=maybe_recompile pc=0x000000000218c6d0 method=com.android.dx.rop.cst.CstMemberRef.compareTo0(Lcom/android/dx/rop/cst/Constant;)I @ 1
Event: 1.292 Thread 0x0000000016164800 Uncommon trap: reason=class_check action=maybe_recompile pc=0x000000000218c6d0 method=com.android.dx.rop.cst.CstMemberRef.compareTo0(Lcom/android/dx/rop/cst/Constant;)I @ 1

Internal exceptions (10 events):
Event: 1.272 Thread 0x000000001615a800 Exception <a 'java/security/PrivilegedActionException'> (0x00000000eb481088) thrown at [D:\re\workspace\8-2-build-windows-amd64-cygwin\jdk8u25\1677\hotspot\src\share\vm\prims\jvm.cpp, line 1312]
Event: 1.273 Thread 0x000000001615a800 Exception <a 'java/security/PrivilegedActionException'> (0x00000000eb484640) thrown at [D:\re\workspace\8-2-build-windows-amd64-cygwin\jdk8u25\1677\hotspot\src\share\vm\prims\jvm.cpp, line 1312]
Event: 1.278 Thread 0x000000001615a800 Exception <a 'java/security/PrivilegedActionException'> (0x00000000eb490c08) thrown at [D:\re\workspace\8-2-build-windows-amd64-cygwin\jdk8u25\1677\hotspot\src\share\vm\prims\jvm.cpp, line 1312]
Event: 1.279 Thread 0x000000001615a800 Exception <a 'java/security/PrivilegedActionException'> (0x00000000eb496c08) thrown at [D:\re\workspace\8-2-build-windows-amd64-cygwin\jdk8u25\1677\hotspot\src\share\vm\prims\jvm.cpp, line 1312]
Event: 1.280 Thread 0x000000001615a800 Exception <a 'java/security/PrivilegedActionException'> (0x00000000eb49b088) thrown at [D:\re\workspace\8-2-build-windows-amd64-cygwin\jdk8u25\1677\hotspot\src\share\vm\prims\jvm.cpp, line 1312]
Event: 1.281 Thread 0x000000001615a800 Exception <a 'java/security/PrivilegedActionException'> (0x00000000eb5eb0b8) thrown at [D:\re\workspace\8-2-build-windows-amd64-cygwin\jdk8u25\1677\hotspot\src\share\vm\prims\jvm.cpp, line 1312]
Event: 1.282 Thread 0x0000000016164800 Exception <a 'java/security/PrivilegedActionException'> (0x00000000eb39e040) thrown at [D:\re\workspace\8-2-build-windows-amd64-cygwin\jdk8u25\1677\hotspot\src\share\vm\prims\jvm.cpp, line 1312]
Event: 1.283 Thread 0x0000000016164800 Exception <a 'java/security/PrivilegedActionException'> (0x00000000eb3a3480) thrown at [D:\re\workspace\8-2-build-windows-amd64-cygwin\jdk8u25\1677\hotspot\src\share\vm\prims\jvm.cpp, line 1312]
Event: 1.284 Thread 0x0000000016164800 Exception <a 'java/security/PrivilegedActionException'> (0x00000000eb3a6220) thrown at [D:\re\workspace\8-2-build-windows-amd64-cygwin\jdk8u25\1677\hotspot\src\share\vm\prims\jvm.cpp, line 1312]
Event: 1.364 Thread 0x0000000016087800 Exception <a 'java/security/PrivilegedActionException'> (0x00000000eb6ba4f8) thrown at [D:\re\workspace\8-2-build-windows-amd64-cygwin\jdk8u25\1677\hotspot\src\share\vm\prims\jvm.cpp, line 1312]

Events (10 events):
Event: 1.289 Thread 0x0000000016164800 DEOPT PACKING pc=0x000000000218c6d0 sp=0x0000000016a3ec20
Event: 1.289 Thread 0x0000000016164800 DEOPT UNPACKING pc=0x000000000202556a sp=0x0000000016a3eba8 mode 2
Event: 1.289 Thread 0x0000000016164800 Uncommon trap: trap_request=0xffffffde fr.pc=0x000000000218c6d0
Event: 1.289 Thread 0x0000000016164800 DEOPT PACKING pc=0x000000000218c6d0 sp=0x0000000016a3ec00
Event: 1.289 Thread 0x0000000016164800 DEOPT UNPACKING pc=0x000000000202556a sp=0x0000000016a3eb88 mode 2
Event: 1.292 Thread 0x0000000016164800 Uncommon trap: trap_request=0xffffffde fr.pc=0x000000000218c6d0
Event: 1.292 Thread 0x0000000016164800 DEOPT PACKING pc=0x000000000218c6d0 sp=0x0000000016a3eb10
Event: 1.292 Thread 0x0000000016164800 DEOPT UNPACKING pc=0x000000000202556a sp=0x0000000016a3ea98 mode 2
Event: 1.364 loading class com/android/dx/cf/code/BytecodeArray$ConstantParserVisitor
Event: 1.364 loading class com/android/dx/cf/code/BytecodeArray$ConstantParserVisitor done


Dynamic libraries:
0x00007ff611c60000 - 0x00007ff611c94000 	C:\Program Files\Java\jdk1.8.0_25\bin\java.exe
0x00007ffe15550000 - 0x00007ffe15711000 	C:\WINDOWS\SYSTEM32\ntdll.dll
0x00007ffe12fd0000 - 0x00007ffe1307d000 	C:\WINDOWS\system32\KERNEL32.DLL
0x00007ffe01a20000 - 0x00007ffe01a52000 	C:\Program Files (x86)\AVG\Av\avghooka.dll
0x00007ffe11d40000 - 0x00007ffe11f28000 	C:\WINDOWS\system32\KERNELBASE.dll
0x00007ffe15400000 - 0x00007ffe154a7000 	C:\WINDOWS\system32\ADVAPI32.dll
0x00007ffe12c50000 - 0x00007ffe12ced000 	C:\WINDOWS\system32\msvcrt.dll
0x00007ffe154b0000 - 0x00007ffe1550b000 	C:\WINDOWS\system32\sechost.dll
0x00007ffe13400000 - 0x00007ffe1351c000 	C:\WINDOWS\system32\RPCRT4.dll
0x00007ffe132a0000 - 0x00007ffe133f6000 	C:\WINDOWS\system32\USER32.dll
0x00007ffe14c90000 - 0x00007ffe14e16000 	C:\WINDOWS\system32\GDI32.dll
0x00007ffe0ab20000 - 0x00007ffe0ad94000 	C:\WINDOWS\WinSxS\amd64_microsoft.windows.common-controls_6595b64144ccf1df_6.0.10586.0_none_8c15ae12515e1c22\COMCTL32.dll
0x00007ffe12d50000 - 0x00007ffe12fcd000 	C:\WINDOWS\system32\combase.dll
0x00007ffe12270000 - 0x00007ffe122da000 	C:\WINDOWS\system32\bcryptPrimitives.dll
0x0000000000410000 - 0x000000000044b000 	C:\WINDOWS\system32\IMM32.DLL
0x00007ffe105a0000 - 0x00007ffe105d1000 	C:\Windows\system32\nvinitx.dll
0x00007ffe10590000 - 0x00007ffe1059a000 	C:\WINDOWS\SYSTEM32\VERSION.dll
0x00000000677e0000 - 0x00000000677e6000 	C:\Program Files\NVIDIA Corporation\CoProcManager\_etoured.dll
0x00007ffe0fe20000 - 0x00007ffe0fe53000 	C:\Program Files\NVIDIA Corporation\CoProcManager\nvd3d9wrapx.dll
0x00007ffe14fd0000 - 0x00007ffe153f9000 	C:\WINDOWS\system32\SETUPAPI.dll
0x00007ffe12220000 - 0x00007ffe12263000 	C:\WINDOWS\system32\CFGMGR32.dll
0x00007ffe0fdf0000 - 0x00007ffe0fe12000 	C:\Program Files\NVIDIA Corporation\CoProcManager\nvdxgiwrapx.dll
0x0000000064ed0000 - 0x0000000064fa2000 	C:\Program Files\Java\jdk1.8.0_25\jre\bin\msvcr100.dll
0x0000000064fb0000 - 0x000000006580a000 	C:\Program Files\Java\jdk1.8.0_25\jre\bin\server\jvm.dll
0x00007ffe13220000 - 0x00007ffe13228000 	C:\WINDOWS\system32\PSAPI.DLL
0x00007ffe0f030000 - 0x00007ffe0f039000 	C:\WINDOWS\SYSTEM32\WSOCK32.dll
0x00007ffe13230000 - 0x00007ffe1329b000 	C:\WINDOWS\system32\WS2_32.dll
0x00007ffe0fda0000 - 0x00007ffe0fdc3000 	C:\WINDOWS\SYSTEM32\WINMM.dll
0x00007ffe0fd40000 - 0x00007ffe0fd6c000 	C:\WINDOWS\SYSTEM32\WINMMBASE.dll
0x0000000066200000 - 0x000000006620f000 	C:\Program Files\Java\jdk1.8.0_25\jre\bin\verify.dll
0x0000000065880000 - 0x00000000658a8000 	C:\Program Files\Java\jdk1.8.0_25\jre\bin\java.dll
0x00000000661e0000 - 0x00000000661f6000 	C:\Program Files\Java\jdk1.8.0_25\jre\bin\zip.dll
0x00007ffe13520000 - 0x00007ffe14a7c000 	C:\WINDOWS\system32\SHELL32.dll
0x00007ffe122e0000 - 0x00007ffe12925000 	C:\WINDOWS\system32\windows.storage.dll
0x00007ffe12950000 - 0x00007ffe129a2000 	C:\WINDOWS\system32\shlwapi.dll
0x00007ffe11bf0000 - 0x00007ffe11bff000 	C:\WINDOWS\system32\kernel.appcore.dll
0x00007ffe11f30000 - 0x00007ffe11fe5000 	C:\WINDOWS\system32\shcore.dll
0x00007ffe11b90000 - 0x00007ffe11bdb000 	C:\WINDOWS\system32\powrprof.dll
0x00007ffe11b70000 - 0x00007ffe11b84000 	C:\WINDOWS\system32\profapi.dll
0x00007ffe0a8f0000 - 0x00007ffe0aa7c000 	C:\WINDOWS\SYSTEM32\dbghelp.dll

VM Arguments:
jvm_args: -Djava.awt.headless=true -Xmx1024M -Dfile.encoding=windows-1250 -Duser.country=PL -Duser.language=pl -Duser.variant 
java_command: com.android.dx.command.Main --dex --num-threads=4 --output C:\Users\Public\Projects\FibNative\app\build\intermediates\pre-dexed\debug\debug_0d22011cefcb76bd5cfc6bbf6a0646bee2d942dc.jar C:\Users\Public\Projects\FibNative\app\build\intermediates\classes\debug
java_class_path (initial): C:\Android\sdk\build-tools\23.0.1\lib\dx.jar
Launcher Type: SUN_STANDARD

Environment Variables:
JAVA_HOME=C:\Program Files\Java\jdk1.8.0_25\
PATH=C:\ProgramData\Oracle\Java\javapath;C:\Windows\system32;C:\Windows;C:\Windows\System32\Wbem;C:\Windows\System32\WindowsPowerShell\v1.0\;C:\Program Files (x86)\Intel\OpenCL SDK\2.0\bin\x86;C:\Program Files (x86)\Intel\OpenCL SDK\2.0\bin\x64;C:\Program Files (x86)\Windows Kits\8.1\Windows Performance Toolkit\;C:\MinGW\bin;C:\Program Files\Java\jdk1.8.0_25\bin;C:\OpenCV\opencv\build\x64\vc12\bin;C:\wamp\bin\php\php5.5.12;C:\OpenCV\opencv\build\x86\vc12\bin;C:\Users\£ukasz\AppData\Local\Android\sdk\platform-tools;C:\Program Files\MiKTeX 2.9\miktex\bin\x64\;C:\Python34;C:\Maven\bin;C:\sqllite3;C:\OpenCV\build\x64\vc10\bin;C:\Program Files (x86)\Calibre2\;C:\Program Files (x86)\NVIDIA Corporation\PhysX\Common;c:\wamp\bin\mysql\mysql5.6.17\bin;C:\Program Files (x86)\QuickTime\QTSystem\;C:\WINDOWS\system32;C:\WINDOWS;C:\WINDOWS\System32\Wbem;C:\WINDOWS\System32\WindowsPowerShell\v1.0\;C:\Program Files (x86)\Heroku\bin;C:\Program Files (x86)\git\cmd;C:\Program Files\Oracle\VirtualBox;C:\Android\sdk\platform-tools;C:\Program Files (x86)\Vim\vim74;C:\Android\ndk;C:\Program Files (x86)\Skype\Phone\;C:\Program Files\nodejs\;C:\Program Files (x86)\MySQL\MySQL Utilities\;C:\Program Files (x86)\MySQL\MySQL Utilities\Doctrine extensions for PHP\;C:\Python27\;C:\Program Files\Git\cmd;C:\Program Files\Git\mingw64\bin;C:\Program Files\Git\usr\bin;G:\bin;C:\Users\Lukasz\AppData\Roaming\npm
USERNAME=Lukasz
DISPLAY=:0
OS=Windows_NT
PROCESSOR_IDENTIFIER=Intel64 Family 6 Model 58 Stepping 9, GenuineIntel



---------------  S Y S T E M  ---------------

OS: Windows 8.1 , 64 bit Build 9600 

CPU:total 4 (2 cores per cpu, 2 threads per core) family 6 model 58 stepping 9, cmov, cx8, fxsr, mmx, sse, sse2, sse3, ssse3, sse4.1, sse4.2, popcnt, avx, aes, clmul, erms, ht, tsc, tscinvbit, tscinv

Memory: 4k page, physical 8248692k(1018644k free), swap 12486300k(325432k free)

vm_info: Java HotSpot(TM) 64-Bit Server VM (25.25-b02) for windows-amd64 JRE (1.8.0_25-b18), built on Oct  7 2014 14:25:37 by "java_re" with MS VC++ 10.0 (VS2010)

time: Tue Feb 23 20:02:53 2016
elapsed time: 1 seconds (0d 0h 0m 1s)

