#
# There is insufficient memory for the Java Runtime Environment to continue.
# Native memory allocation (malloc) failed to allocate 2010896 bytes for Chunk::new
# Possible reasons:
#   The system is out of physical RAM or swap space
#   In 32 bit mode, the process size limit was hit
# Possible solutions:
#   Reduce memory load on the system
#   Increase physical memory or swap space
#   Check if swap backing store is full
#   Use 64 bit Java on a 64 bit OS
#   Decrease Java heap size (-Xmx/-Xms)
#   Decrease number of Java threads
#   Decrease Java thread stack sizes (-Xss)
#   Set larger code cache with -XX:ReservedCodeCacheSize=
# This output file may be truncated or incomplete.
#
#  Out of Memory Error (allocation.cpp:390), pid=22052, tid=22060
#
# JRE version: Java(TM) SE Runtime Environment (8.0_25-b18) (build 1.8.0_25-b18)
# Java VM: Java HotSpot(TM) 64-Bit Server VM (25.25-b02 mixed mode windows-amd64 compressed oops)
# Failed to write core dump. Minidumps are not enabled by default on client versions of Windows
#

---------------  T H R E A D  ---------------

Current thread (0x0000000014758000):  JavaThread "C2 CompilerThread1" daemon [_thread_in_native, id=22060, stack(0x0000000015d80000,0x0000000015e80000)]

Stack: [0x0000000015d80000,0x0000000015e80000]
Native frames: (J=compiled Java code, j=interpreted, Vv=VM code, C=native code)
V  [jvm.dll+0x31667a]
V  [jvm.dll+0x267073]
V  [jvm.dll+0x267cb3]
V  [jvm.dll+0x25f5b5]
V  [jvm.dll+0xbf165]
V  [jvm.dll+0xbf60c]
V  [jvm.dll+0x45d672]
V  [jvm.dll+0x49e8ef]
V  [jvm.dll+0x452b41]
V  [jvm.dll+0x453864]
V  [jvm.dll+0x437372]
V  [jvm.dll+0x98a02]
V  [jvm.dll+0x991f3]
V  [jvm.dll+0x22bde4]
V  [jvm.dll+0x2852fa]
C  [msvcr100.dll+0x21d9f]
C  [msvcr100.dll+0x21e3b]
C  [KERNEL32.DLL+0x18102]
C  [ntdll.dll+0x5c574]


Current CompileTask:
C2:  13124 2347   !   4       com.android.dx.cf.code.BytecodeArray::parseInstruction (2764 bytes)


---------------  P R O C E S S  ---------------

Java Threads: ( => current thread )
  0x000000001649f800 JavaThread "pool-1-thread-4" [_thread_in_Java, id=18580, stack(0x0000000016980000,0x0000000016a80000)]
  0x000000001644f000 JavaThread "pool-1-thread-3" [_thread_in_Java, id=4300, stack(0x0000000016880000,0x0000000016980000)]
  0x000000001644e000 JavaThread "pool-1-thread-2" [_thread_blocked, id=3204, stack(0x0000000016780000,0x0000000016880000)]
  0x0000000016406000 JavaThread "pool-2-thread-1" [_thread_blocked, id=1936, stack(0x0000000016680000,0x0000000016780000)]
  0x0000000016405000 JavaThread "pool-1-thread-1" [_thread_blocked, id=1344, stack(0x0000000016580000,0x0000000016680000)]
  0x000000001476b000 JavaThread "Service Thread" daemon [_thread_blocked, id=15692, stack(0x0000000015f80000,0x0000000016080000)]
  0x0000000014764800 JavaThread "C1 CompilerThread2" daemon [_thread_blocked, id=9908, stack(0x0000000015e80000,0x0000000015f80000)]
=>0x0000000014758000 JavaThread "C2 CompilerThread1" daemon [_thread_in_native, id=22060, stack(0x0000000015d80000,0x0000000015e80000)]
  0x000000001470d800 JavaThread "C2 CompilerThread0" daemon [_thread_in_native, id=9016, stack(0x0000000015c80000,0x0000000015d80000)]
  0x000000001470b000 JavaThread "Attach Listener" daemon [_thread_blocked, id=11400, stack(0x0000000015b80000,0x0000000015c80000)]
  0x000000001470a000 JavaThread "Signal Dispatcher" daemon [_thread_blocked, id=20664, stack(0x0000000015a80000,0x0000000015b80000)]
  0x000000000202f000 JavaThread "Finalizer" daemon [_thread_blocked, id=12728, stack(0x0000000015980000,0x0000000015a80000)]
  0x000000000202c000 JavaThread "Reference Handler" daemon [_thread_blocked, id=9224, stack(0x0000000015880000,0x0000000015980000)]
  0x0000000001dee000 JavaThread "main" [_thread_blocked, id=14340, stack(0x0000000001df0000,0x0000000001ef0000)]

Other Threads:
  0x00000000146d6800 VMThread [stack: 0x0000000015780000,0x0000000015880000] [id=18072]
  0x000000001476e000 WatcherThread [stack: 0x0000000016080000,0x0000000016180000] [id=8544]

VM state:not at safepoint (normal execution)

VM Mutex/Monitor currently owned by a thread: None

Heap:
 PSYoungGen      total 70656K, used 13751K [0x00000000eab00000, 0x00000000f3a80000, 0x0000000100000000)
  eden space 65536K, 13% used [0x00000000eab00000,0x00000000eb3717e8,0x00000000eeb00000)
  from space 5120K, 99% used [0x00000000eeb00000,0x00000000eeffc488,0x00000000ef000000)
  to   space 20992K, 0% used [0x00000000f2600000,0x00000000f2600000,0x00000000f3a80000)
 ParOldGen       total 86016K, used 67475K [0x00000000c0000000, 0x00000000c5400000, 0x00000000eab00000)
  object space 86016K, 78% used [0x00000000c0000000,0x00000000c41e4da0,0x00000000c5400000)
 Metaspace       used 6492K, capacity 7256K, committed 7424K, reserved 1056768K
  class space    used 621K, capacity 656K, committed 768K, reserved 1048576K

Card table byte_map: [0x0000000011400000,0x0000000011610000] byte_map_base: 0x0000000010e00000

Marking Bits: (ParMarkBitMap*) 0x000000006578d490
 Begin Bits: [0x0000000011b70000, 0x0000000012b70000)
 End Bits:   [0x0000000012b70000, 0x0000000013b70000)

Polling page: 0x0000000000660000

CodeCache: size=245760Kb used=9553Kb max_used=9553Kb free=236206Kb
 bounds [0x0000000002040000, 0x00000000029a0000, 0x0000000011040000]
 total_blobs=2357 nmethods=2086 adapters=184
 compilation: enabled

Compilation events (10 events):
Event: 12.922 Thread 0x0000000014764800 2355       2       com.android.dx.rop.cst.CstLiteral32::<init> (10 bytes)
Event: 12.922 Thread 0x0000000014764800 nmethod 2355 0x000000000296e890 code [0x000000000296e9e0, 0x000000000296eb30]
Event: 12.922 Thread 0x0000000014764800 2356       2       com.android.dx.rop.cst.CstFloat::make (9 bytes)
Event: 12.923 Thread 0x0000000014764800 nmethod 2356 0x000000000296e510 code [0x000000000296e660, 0x000000000296e7f0]
Event: 12.923 Thread 0x0000000014764800 2357       1       com.android.dx.rop.cst.CstLiteral32::isCategory2 (2 bytes)
Event: 12.923 Thread 0x0000000014764800 nmethod 2357 0x000000000296e250 code [0x000000000296e3a0, 0x000000000296e4b0]
Event: 13.084 Thread 0x0000000014764800 2358       1       java.lang.ref.Reference::access$100 (4 bytes)
Event: 13.085 Thread 0x0000000014764800 nmethod 2358 0x00000000027cb8d0 code [0x00000000027cba20, 0x00000000027cbb10]
Event: 13.085 Thread 0x0000000014764800 2359       1       java.lang.ref.Finalizer::access$000 (4 bytes)
Event: 13.085 Thread 0x0000000014764800 nmethod 2359 0x00000000027d73d0 code [0x00000000027d7520, 0x00000000027d7610]

GC Heap History (10 events):
Event: 6.631 GC heap before
{Heap before GC invocations=5 (full 0):
 PSYoungGen      total 70656K, used 70641K [0x00000000eab00000, 0x00000000ef500000, 0x0000000100000000)
  eden space 65536K, 100% used [0x00000000eab00000,0x00000000eeb00000,0x00000000eeb00000)
  from space 5120K, 99% used [0x00000000ef000000,0x00000000ef4fc468,0x00000000ef500000)
  to   space 5120K, 0% used [0x00000000eeb00000,0x00000000eeb00000,0x00000000ef000000)
 ParOldGen       total 86016K, used 14388K [0x00000000c0000000, 0x00000000c5400000, 0x00000000eab00000)
  object space 86016K, 16% used [0x00000000c0000000,0x00000000c0e0d120,0x00000000c5400000)
 Metaspace       used 6438K, capacity 7256K, committed 7424K, reserved 1056768K
  class space    used 619K, capacity 656K, committed 768K, reserved 1048576K
Event: 6.711 GC heap after
Heap after GC invocations=5 (full 0):
 PSYoungGen      total 70656K, used 5093K [0x00000000eab00000, 0x00000000ef500000, 0x0000000100000000)
  eden space 65536K, 0% used [0x00000000eab00000,0x00000000eab00000,0x00000000eeb00000)
  from space 5120K, 99% used [0x00000000eeb00000,0x00000000eeff96f8,0x00000000ef000000)
  to   space 5120K, 0% used [0x00000000ef000000,0x00000000ef000000,0x00000000ef500000)
 ParOldGen       total 86016K, used 25009K [0x00000000c0000000, 0x00000000c5400000, 0x00000000eab00000)
  object space 86016K, 29% used [0x00000000c0000000,0x00000000c186c720,0x00000000c5400000)
 Metaspace       used 6438K, capacity 7256K, committed 7424K, reserved 1056768K
  class space    used 619K, capacity 656K, committed 768K, reserved 1048576K
}
Event: 9.008 GC heap before
{Heap before GC invocations=6 (full 0):
 PSYoungGen      total 70656K, used 70629K [0x00000000eab00000, 0x00000000ef500000, 0x0000000100000000)
  eden space 65536K, 100% used [0x00000000eab00000,0x00000000eeb00000,0x00000000eeb00000)
  from space 5120K, 99% used [0x00000000eeb00000,0x00000000eeff96f8,0x00000000ef000000)
  to   space 5120K, 0% used [0x00000000ef000000,0x00000000ef000000,0x00000000ef500000)
 ParOldGen       total 86016K, used 25009K [0x00000000c0000000, 0x00000000c5400000, 0x00000000eab00000)
  object space 86016K, 29% used [0x00000000c0000000,0x00000000c186c720,0x00000000c5400000)
 Metaspace       used 6457K, capacity 7256K, committed 7424K, reserved 1056768K
  class space    used 619K, capacity 656K, committed 768K, reserved 1048576K
Event: 9.252 GC heap after
Heap after GC invocations=6 (full 0):
 PSYoungGen      total 70656K, used 5115K [0x00000000eab00000, 0x00000000ef500000, 0x0000000100000000)
  eden space 65536K, 0% used [0x00000000eab00000,0x00000000eab00000,0x00000000eeb00000)
  from space 5120K, 99% used [0x00000000ef000000,0x00000000ef4fed48,0x00000000ef500000)
  to   space 5120K, 0% used [0x00000000eeb00000,0x00000000eeb00000,0x00000000ef000000)
 ParOldGen       total 86016K, used 35760K [0x00000000c0000000, 0x00000000c5400000, 0x00000000eab00000)
  object space 86016K, 41% used [0x00000000c0000000,0x00000000c22ec250,0x00000000c5400000)
 Metaspace       used 6457K, capacity 7256K, committed 7424K, reserved 1056768K
  class space    used 619K, capacity 656K, committed 768K, reserved 1048576K
}
Event: 11.409 GC heap before
{Heap before GC invocations=7 (full 0):
 PSYoungGen      total 70656K, used 70651K [0x00000000eab00000, 0x00000000ef500000, 0x0000000100000000)
  eden space 65536K, 100% used [0x00000000eab00000,0x00000000eeb00000,0x00000000eeb00000)
  from space 5120K, 99% used [0x00000000ef000000,0x00000000ef4fed48,0x00000000ef500000)
  to   space 5120K, 0% used [0x00000000eeb00000,0x00000000eeb00000,0x00000000ef000000)
 ParOldGen       total 86016K, used 35760K [0x00000000c0000000, 0x00000000c5400000, 0x00000000eab00000)
  object space 86016K, 41% used [0x00000000c0000000,0x00000000c22ec250,0x00000000c5400000)
 Metaspace       used 6475K, capacity 7256K, committed 7424K, reserved 1056768K
  class space    used 620K, capacity 656K, committed 768K, reserved 1048576K
Event: 11.515 GC heap after
Heap after GC invocations=7 (full 0):
 PSYoungGen      total 70656K, used 5112K [0x00000000eab00000, 0x00000000ef500000, 0x0000000100000000)
  eden space 65536K, 0% used [0x00000000eab00000,0x00000000eab00000,0x00000000eeb00000)
  from space 5120K, 99% used [0x00000000eeb00000,0x00000000eeffe018,0x00000000ef000000)
  to   space 5120K, 0% used [0x00000000ef000000,0x00000000ef000000,0x00000000ef500000)
 ParOldGen       total 86016K, used 47185K [0x00000000c0000000, 0x00000000c5400000, 0x00000000eab00000)
  object space 86016K, 54% used [0x00000000c0000000,0x00000000c2e147d8,0x00000000c5400000)
 Metaspace       used 6475K, capacity 7256K, committed 7424K, reserved 1056768K
  class space    used 620K, capacity 656K, committed 768K, reserved 1048576K
}
Event: 12.484 GC heap before
{Heap before GC invocations=8 (full 0):
 PSYoungGen      total 70656K, used 70648K [0x00000000eab00000, 0x00000000ef500000, 0x0000000100000000)
  eden space 65536K, 100% used [0x00000000eab00000,0x00000000eeb00000,0x00000000eeb00000)
  from space 5120K, 99% used [0x00000000eeb00000,0x00000000eeffe018,0x00000000ef000000)
  to   space 5120K, 0% used [0x00000000ef000000,0x00000000ef000000,0x00000000ef500000)
 ParOldGen       total 86016K, used 47185K [0x00000000c0000000, 0x00000000c5400000, 0x00000000eab00000)
  object space 86016K, 54% used [0x00000000c0000000,0x00000000c2e147d8,0x00000000c5400000)
 Metaspace       used 6480K, capacity 7256K, committed 7424K, reserved 1056768K
  class space    used 620K, capacity 656K, committed 768K, reserved 1048576K
Event: 12.543 GC heap after
Heap after GC invocations=8 (full 0):
 PSYoungGen      total 70656K, used 5105K [0x00000000eab00000, 0x00000000ef500000, 0x0000000100000000)
  eden space 65536K, 0% used [0x00000000eab00000,0x00000000eab00000,0x00000000eeb00000)
  from space 5120K, 99% used [0x00000000ef000000,0x00000000ef4fc598,0x00000000ef500000)
  to   space 5120K, 0% used [0x00000000eeb00000,0x00000000eeb00000,0x00000000ef000000)
 ParOldGen       total 86016K, used 57383K [0x00000000c0000000, 0x00000000c5400000, 0x00000000eab00000)
  object space 86016K, 66% used [0x00000000c0000000,0x00000000c3809e40,0x00000000c5400000)
 Metaspace       used 6480K, capacity 7256K, committed 7424K, reserved 1056768K
  class space    used 620K, capacity 656K, committed 768K, reserved 1048576K
}
Event: 12.982 GC heap before
{Heap before GC invocations=9 (full 0):
 PSYoungGen      total 70656K, used 70641K [0x00000000eab00000, 0x00000000ef500000, 0x0000000100000000)
  eden space 65536K, 100% used [0x00000000eab00000,0x00000000eeb00000,0x00000000eeb00000)
  from space 5120K, 99% used [0x00000000ef000000,0x00000000ef4fc598,0x00000000ef500000)
  to   space 5120K, 0% used [0x00000000eeb00000,0x00000000eeb00000,0x00000000ef000000)
 ParOldGen       total 86016K, used 57383K [0x00000000c0000000, 0x00000000c5400000, 0x00000000eab00000)
  object space 86016K, 66% used [0x00000000c0000000,0x00000000c3809e40,0x00000000c5400000)
 Metaspace       used 6485K, capacity 7256K, committed 7424K, reserved 1056768K
  class space    used 620K, capacity 656K, committed 768K, reserved 1048576K
Event: 13.084 GC heap after
Heap after GC invocations=9 (full 0):
 PSYoungGen      total 70656K, used 5105K [0x00000000eab00000, 0x00000000f3a80000, 0x0000000100000000)
  eden space 65536K, 0% used [0x00000000eab00000,0x00000000eab00000,0x00000000eeb00000)
  from space 5120K, 99% used [0x00000000eeb00000,0x00000000eeffc488,0x00000000ef000000)
  to   space 20992K, 0% used [0x00000000f2600000,0x00000000f2600000,0x00000000f3a80000)
 ParOldGen       total 86016K, used 67475K [0x00000000c0000000, 0x00000000c5400000, 0x00000000eab00000)
  object space 86016K, 78% used [0x00000000c0000000,0x00000000c41e4da0,0x00000000c5400000)
 Metaspace       used 6485K, capacity 7256K, committed 7424K, reserved 1056768K
  class space    used 620K, capacity 656K, committed 768K, reserved 1048576K
}

Deoptimization events (10 events):
Event: 11.589 Thread 0x0000000001dee000 Uncommon trap: reason=bimorphic action=maybe_recompile pc=0x00000000028ec30c method=com.android.dx.cf.code.BytecodeArray.parseInstruction(ILcom/android/dx/cf/code/BytecodeArray$Visitor;)I @ 1161
Event: 11.836 Thread 0x000000001644f000 Uncommon trap: reason=bimorphic action=maybe_recompile pc=0x00000000027956cc method=com.android.dx.ssa.LiteralOpUpgrader.tryReplacingWithConstant(Lcom/android/dx/ssa/NormalSsaInsn;)Z @ 62
Event: 12.304 Thread 0x000000001644f000 Uncommon trap: reason=bimorphic action=maybe_recompile pc=0x00000000027956cc method=com.android.dx.ssa.LiteralOpUpgrader.tryReplacingWithConstant(Lcom/android/dx/ssa/NormalSsaInsn;)Z @ 62
Event: 12.323 Thread 0x000000001644f000 Uncommon trap: reason=unreached action=reinterpret pc=0x000000000275e0d4 method=com.android.dx.ssa.MoveParamCombiner$1.visitNonMoveInsn(Lcom/android/dx/ssa/NormalSsaInsn;)V @ 27
Event: 12.329 Thread 0x000000001644f000 Uncommon trap: reason=class_check action=maybe_recompile pc=0x00000000028139e0 method=com.android.dx.cf.code.Ropper.processBlock(Lcom/android/dx/cf/code/ByteBlock;Lcom/android/dx/cf/code/Frame;[I)V @ 711
Event: 12.329 Thread 0x000000001644f000 Uncommon trap: reason=class_check action=maybe_recompile pc=0x00000000028139e0 method=com.android.dx.cf.code.Ropper.processBlock(Lcom/android/dx/cf/code/ByteBlock;Lcom/android/dx/cf/code/Frame;[I)V @ 711
Event: 12.329 Thread 0x000000001644f000 Uncommon trap: reason=class_check action=maybe_recompile pc=0x00000000028139e0 method=com.android.dx.cf.code.Ropper.processBlock(Lcom/android/dx/cf/code/ByteBlock;Lcom/android/dx/cf/code/Frame;[I)V @ 711
Event: 12.329 Thread 0x000000001644f000 Uncommon trap: reason=class_check action=maybe_recompile pc=0x00000000028139e0 method=com.android.dx.cf.code.Ropper.processBlock(Lcom/android/dx/cf/code/ByteBlock;Lcom/android/dx/cf/code/Frame;[I)V @ 711
Event: 12.699 Thread 0x0000000016405000 Uncommon trap: reason=bimorphic action=maybe_recompile pc=0x000000000297b45c method=com.android.dx.cf.code.BytecodeArray.parseInstruction(ILcom/android/dx/cf/code/BytecodeArray$Visitor;)I @ 971
Event: 12.699 Thread 0x0000000016405000 Uncommon trap: reason=bimorphic action=maybe_recompile pc=0x000000000297b45c method=com.android.dx.cf.code.BytecodeArray.parseInstruction(ILcom/android/dx/cf/code/BytecodeArray$Visitor;)I @ 971

Internal exceptions (10 events):
Event: 2.483 Thread 0x000000001649f800 Implicit null exception at 0x00000000023aa75d to 0x00000000023acccd
Event: 2.830 Thread 0x000000001649f800 Implicit null exception at 0x000000000244f062 to 0x000000000244f152
Event: 2.844 Thread 0x0000000001dee000 Exception <a 'java/security/PrivilegedActionException'> (0x00000000ec9c8ad8) thrown at [D:\re\workspace\8-2-build-windows-amd64-cygwin\jdk8u25\1677\hotspot\src\share\vm\prims\jvm.cpp, line 1312]
Event: 2.948 Thread 0x0000000001dee000 Exception <a 'java/security/PrivilegedActionException'> (0x00000000eadd6180) thrown at [D:\re\workspace\8-2-build-windows-amd64-cygwin\jdk8u25\1677\hotspot\src\share\vm\prims\jvm.cpp, line 1312]
Event: 3.315 Thread 0x000000001649f800 Exception <a 'java/lang/ArrayIndexOutOfBoundsException': 18> (0x00000000ec43c350) thrown at [D:\re\workspace\8-2-build-windows-amd64-cygwin\jdk8u25\1677\hotspot\src\share\vm\interpreter\interpreterRuntime.cpp, line 366]
Event: 3.700 Thread 0x000000001644f000 Exception <a 'java/lang/ArrayIndexOutOfBoundsException': 145> (0x00000000ec773cc8) thrown at [D:\re\workspace\8-2-build-windows-amd64-cygwin\jdk8u25\1677\hotspot\src\share\vm\interpreter\interpreterRuntime.cpp, line 366]
Event: 3.701 Thread 0x000000001644f000 Exception <a 'java/lang/ArrayIndexOutOfBoundsException'> (0x00000000ec774ee0) thrown at [D:\re\workspace\8-2-build-windows-amd64-cygwin\jdk8u25\1677\hotspot\src\share\vm\runtime\sharedRuntime.cpp, line 604]
Event: 3.871 Thread 0x0000000016405000 Exception <a 'java/security/PrivilegedActionException'> (0x00000000ebdc3530) thrown at [D:\re\workspace\8-2-build-windows-amd64-cygwin\jdk8u25\1677\hotspot\src\share\vm\prims\jvm.cpp, line 1312]
Event: 6.253 Thread 0x0000000016405000 Implicit null exception at 0x0000000002756d56 to 0x0000000002758029
Event: 10.280 Thread 0x000000001644e000 Exception <a 'java/security/PrivilegedActionException'> (0x00000000ebe86410) thrown at [D:\re\workspace\8-2-build-windows-amd64-cygwin\jdk8u25\1677\hotspot\src\share\vm\prims\jvm.cpp, line 1312]

Events (10 events):
Event: 12.718 Thread 0x000000001644f000 DEOPT PACKING pc=0x0000000002632e49 sp=0x000000001697e730
Event: 12.718 Thread 0x000000001644f000 DEOPT UNPACKING pc=0x00000000020875bf sp=0x000000001697e480 mode 0
Event: 12.770 Thread 0x0000000016405000 DEOPT PACKING pc=0x0000000002551732 sp=0x000000001667eb90
Event: 12.771 Thread 0x0000000016405000 DEOPT UNPACKING pc=0x00000000020875bf sp=0x000000001667e908 mode 0
Event: 12.796 Thread 0x000000001644e000 DEOPT PACKING pc=0x000000000256cf34 sp=0x000000001687e800
Event: 12.796 Thread 0x000000001644e000 DEOPT UNPACKING pc=0x00000000020875bf sp=0x000000001687e5c0 mode 0
Event: 12.897 Thread 0x000000001649f800 DEOPT PACKING pc=0x0000000002552be8 sp=0x0000000016a7e6d0
Event: 12.897 Thread 0x000000001649f800 DEOPT UNPACKING pc=0x00000000020875bf sp=0x0000000016a7e430 mode 0
Event: 12.925 Executing VM operation: ParallelGCFailedAllocation
Event: 13.084 Executing VM operation: ParallelGCFailedAllocation done


Dynamic libraries:
0x00007ff611c60000 - 0x00007ff611c94000 	C:\Program Files\Java\jdk1.8.0_25\bin\java.exe
0x00007ffe15550000 - 0x00007ffe15711000 	C:\WINDOWS\SYSTEM32\ntdll.dll
0x00007ffe12fd0000 - 0x00007ffe1307d000 	C:\WINDOWS\system32\KERNEL32.DLL
0x00007ffe01a20000 - 0x00007ffe01a52000 	C:\Program Files (x86)\AVG\Av\avghooka.dll
0x00007ffe11d40000 - 0x00007ffe11f28000 	C:\WINDOWS\system32\KERNELBASE.dll
0x00007ffe15400000 - 0x00007ffe154a7000 	C:\WINDOWS\system32\ADVAPI32.dll
0x00007ffe12c50000 - 0x00007ffe12ced000 	C:\WINDOWS\system32\msvcrt.dll
0x00007ffe154b0000 - 0x00007ffe1550b000 	C:\WINDOWS\system32\sechost.dll
0x00007ffe13400000 - 0x00007ffe1351c000 	C:\WINDOWS\system32\RPCRT4.dll
0x00007ffe132a0000 - 0x00007ffe133f6000 	C:\WINDOWS\system32\USER32.dll
0x00007ffe14c90000 - 0x00007ffe14e16000 	C:\WINDOWS\system32\GDI32.dll
0x00007ffe0ab20000 - 0x00007ffe0ad94000 	C:\WINDOWS\WinSxS\amd64_microsoft.windows.common-controls_6595b64144ccf1df_6.0.10586.0_none_8c15ae12515e1c22\COMCTL32.dll
0x00007ffe12d50000 - 0x00007ffe12fcd000 	C:\WINDOWS\system32\combase.dll
0x00007ffe12270000 - 0x00007ffe122da000 	C:\WINDOWS\system32\bcryptPrimitives.dll
0x00000000005e0000 - 0x000000000061b000 	C:\WINDOWS\system32\IMM32.DLL
0x00007ffe105a0000 - 0x00007ffe105d1000 	C:\Windows\system32\nvinitx.dll
0x00007ffe10590000 - 0x00007ffe1059a000 	C:\WINDOWS\SYSTEM32\VERSION.dll
0x00000000677e0000 - 0x00000000677e6000 	C:\Program Files\NVIDIA Corporation\CoProcManager\_etoured.dll
0x00007ffe0fe20000 - 0x00007ffe0fe53000 	C:\Program Files\NVIDIA Corporation\CoProcManager\nvd3d9wrapx.dll
0x00007ffe14fd0000 - 0x00007ffe153f9000 	C:\WINDOWS\system32\SETUPAPI.dll
0x00007ffe12220000 - 0x00007ffe12263000 	C:\WINDOWS\system32\CFGMGR32.dll
0x00007ffe0fdf0000 - 0x00007ffe0fe12000 	C:\Program Files\NVIDIA Corporation\CoProcManager\nvdxgiwrapx.dll
0x0000000064ed0000 - 0x0000000064fa2000 	C:\Program Files\Java\jdk1.8.0_25\jre\bin\msvcr100.dll
0x0000000064fb0000 - 0x000000006580a000 	C:\Program Files\Java\jdk1.8.0_25\jre\bin\server\jvm.dll
0x00007ffe13220000 - 0x00007ffe13228000 	C:\WINDOWS\system32\PSAPI.DLL
0x00007ffe0f030000 - 0x00007ffe0f039000 	C:\WINDOWS\SYSTEM32\WSOCK32.dll
0x00007ffe13230000 - 0x00007ffe1329b000 	C:\WINDOWS\system32\WS2_32.dll
0x00007ffe0fda0000 - 0x00007ffe0fdc3000 	C:\WINDOWS\SYSTEM32\WINMM.dll
0x00007ffe0fd40000 - 0x00007ffe0fd6c000 	C:\WINDOWS\SYSTEM32\WINMMBASE.dll
0x0000000066200000 - 0x000000006620f000 	C:\Program Files\Java\jdk1.8.0_25\jre\bin\verify.dll
0x0000000065880000 - 0x00000000658a8000 	C:\Program Files\Java\jdk1.8.0_25\jre\bin\java.dll
0x00000000661e0000 - 0x00000000661f6000 	C:\Program Files\Java\jdk1.8.0_25\jre\bin\zip.dll
0x00007ffe13520000 - 0x00007ffe14a7c000 	C:\WINDOWS\system32\SHELL32.dll
0x00007ffe122e0000 - 0x00007ffe12925000 	C:\WINDOWS\system32\windows.storage.dll
0x00007ffe12950000 - 0x00007ffe129a2000 	C:\WINDOWS\system32\shlwapi.dll
0x00007ffe11bf0000 - 0x00007ffe11bff000 	C:\WINDOWS\system32\kernel.appcore.dll
0x00007ffe11f30000 - 0x00007ffe11fe5000 	C:\WINDOWS\system32\shcore.dll
0x00007ffe11b90000 - 0x00007ffe11bdb000 	C:\WINDOWS\system32\powrprof.dll
0x00007ffe11b70000 - 0x00007ffe11b84000 	C:\WINDOWS\system32\profapi.dll
0x0000000065860000 - 0x000000006587a000 	C:\Program Files\Java\jdk1.8.0_25\jre\bin\net.dll
0x00007ffe114a0000 - 0x00007ffe114fc000 	C:\WINDOWS\system32\mswsock.dll
0x00007ffe0e540000 - 0x00007ffe0e578000 	C:\WINDOWS\SYSTEM32\IPHLPAPI.DLL
0x00007ffe12b30000 - 0x00007ffe12b38000 	C:\WINDOWS\system32\NSI.dll
0x00007ffe0ddf0000 - 0x00007ffe0de06000 	C:\WINDOWS\SYSTEM32\dhcpcsvc6.DLL
0x00007ffe0ddd0000 - 0x00007ffe0ddea000 	C:\WINDOWS\SYSTEM32\dhcpcsvc.DLL
0x00007ffe0a8f0000 - 0x00007ffe0aa7c000 	C:\WINDOWS\SYSTEM32\dbghelp.dll

VM Arguments:
jvm_args: -Djava.awt.headless=true -Xmx1024M -Dfile.encoding=windows-1250 -Duser.country=PL -Duser.language=pl -Duser.variant 
java_command: com.android.dx.command.Main --dex --num-threads=4 --output C:\Users\Public\Projects\FibNative\app\build\intermediates\pre-dexed\debug\com.android.support-support-v4-23.1.0_cab9520efbf591ce885dd251266aa2739530ba71.jar C:\Users\Public\Projects\FibNative\app\build\intermediates\exploded-aar\com.android.support\support-v4\23.1.0\jars\classes.jar
java_class_path (initial): C:\Android\sdk\build-tools\23.0.1\lib\dx.jar
Launcher Type: SUN_STANDARD

Environment Variables:
JAVA_HOME=C:\Program Files\Java\jdk1.8.0_25\
PATH=C:\ProgramData\Oracle\Java\javapath;C:\Windows\system32;C:\Windows;C:\Windows\System32\Wbem;C:\Windows\System32\WindowsPowerShell\v1.0\;C:\Program Files (x86)\Intel\OpenCL SDK\2.0\bin\x86;C:\Program Files (x86)\Intel\OpenCL SDK\2.0\bin\x64;C:\Program Files (x86)\Windows Kits\8.1\Windows Performance Toolkit\;C:\MinGW\bin;C:\Program Files\Java\jdk1.8.0_25\bin;C:\OpenCV\opencv\build\x64\vc12\bin;C:\wamp\bin\php\php5.5.12;C:\OpenCV\opencv\build\x86\vc12\bin;C:\Users\£ukasz\AppData\Local\Android\sdk\platform-tools;C:\Program Files\MiKTeX 2.9\miktex\bin\x64\;C:\Python34;C:\Maven\bin;C:\sqllite3;C:\OpenCV\build\x64\vc10\bin;C:\Program Files (x86)\Calibre2\;C:\Program Files (x86)\NVIDIA Corporation\PhysX\Common;c:\wamp\bin\mysql\mysql5.6.17\bin;C:\Program Files (x86)\QuickTime\QTSystem\;C:\WINDOWS\system32;C:\WINDOWS;C:\WINDOWS\System32\Wbem;C:\WINDOWS\System32\WindowsPowerShell\v1.0\;C:\Program Files (x86)\Heroku\bin;C:\Program Files (x86)\git\cmd;C:\Program Files\Oracle\VirtualBox;C:\Android\sdk\platform-tools;C:\Program Files (x86)\Vim\vim74;C:\Android\ndk;C:\Program Files (x86)\Skype\Phone\;C:\Program Files\nodejs\;C:\Program Files (x86)\MySQL\MySQL Utilities\;C:\Program Files (x86)\MySQL\MySQL Utilities\Doctrine extensions for PHP\;C:\Python27\;C:\Program Files\Git\cmd;C:\Program Files\Git\mingw64\bin;C:\Program Files\Git\usr\bin;G:\bin;C:\Users\Lukasz\AppData\Roaming\npm
USERNAME=Lukasz
DISPLAY=:0
OS=Windows_NT
PROCESSOR_IDENTIFIER=Intel64 Family 6 Model 58 Stepping 9, GenuineIntel



---------------  S Y S T E M  ---------------

OS: Windows 8.1 , 64 bit Build 9600 

CPU:total 4 (2 cores per cpu, 2 threads per core) family 6 model 58 stepping 9, cmov, cx8, fxsr, mmx, sse, sse2, sse3, ssse3, sse4.1, sse4.2, popcnt, avx, aes, clmul, erms, ht, tsc, tscinvbit, tscinv

Memory: 4k page, physical 8248692k(551512k free), swap 12486300k(3412k free)

vm_info: Java HotSpot(TM) 64-Bit Server VM (25.25-b02) for windows-amd64 JRE (1.8.0_25-b18), built on Oct  7 2014 14:25:37 by "java_re" with MS VC++ 10.0 (VS2010)

time: Tue Feb 23 20:08:41 2016
elapsed time: 13 seconds (0d 0h 0m 13s)

