#
# There is insufficient memory for the Java Runtime Environment to continue.
# Native memory allocation (malloc) failed to allocate 65552 bytes for Chunk::new
# Possible reasons:
#   The system is out of physical RAM or swap space
#   In 32 bit mode, the process size limit was hit
# Possible solutions:
#   Reduce memory load on the system
#   Increase physical memory or swap space
#   Check if swap backing store is full
#   Use 64 bit Java on a 64 bit OS
#   Decrease Java heap size (-Xmx/-Xms)
#   Decrease number of Java threads
#   Decrease Java thread stack sizes (-Xss)
#   Set larger code cache with -XX:ReservedCodeCacheSize=
# This output file may be truncated or incomplete.
#
#  Out of Memory Error (allocation.cpp:390), pid=8816, tid=16452
#
# JRE version: Java(TM) SE Runtime Environment (8.0_25-b18) (build 1.8.0_25-b18)
# Java VM: Java HotSpot(TM) 64-Bit Server VM (25.25-b02 mixed mode windows-amd64 compressed oops)
# Failed to write core dump. Minidumps are not enabled by default on client versions of Windows
#

---------------  T H R E A D  ---------------

Current thread (0x00000000148ee800):  JavaThread "C2 CompilerThread0" daemon [_thread_in_native, id=16452, stack(0x0000000015e50000,0x0000000015f50000)]

Stack: [0x0000000015e50000,0x0000000015f50000]
Native frames: (J=compiled Java code, j=interpreted, Vv=VM code, C=native code)
V  [jvm.dll+0x31667a]
V  [jvm.dll+0x267073]
V  [jvm.dll+0x267cb3]
V  [jvm.dll+0x25f5b5]
V  [jvm.dll+0xbf165]
V  [jvm.dll+0xbf60c]
V  [jvm.dll+0xbf8b4]
V  [jvm.dll+0x4e6020]
V  [jvm.dll+0x4a7abe]
V  [jvm.dll+0x4a8ec3]
V  [jvm.dll+0x4a9191]
V  [java.dll+0x4a9870]
V  [jvm.dll+0x4a9a6f]
V  [jvm.dll+0x4a9a83]
V  [jvm.dll+0x4a9a83]
V  [jvm.dll+0x4a9a83]
V  [jvm.dll+0x4a9a83]
V  [jvm.dll+0x4a9a83]
V  [jvm.dll+0x4a9a83]
V  [jvm.dll+0x49ee41]
V  [jvm.dll+0x452668]
V  [jvm.dll+0x453864]
V  [jvm.dll+0x437372]
V  [jvm.dll+0x98a02]
V  [jvm.dll+0x991f3]
V  [jvm.dll+0x22bde4]
V  [jvm.dll+0x2852fa]
C  [msvcr100.dll+0x21d9f]
C  [msvcr100.dll+0x21e3b]
C  [KERNEL32.DLL+0x18102]
C  [ntdll.dll+0x5c574]


Current CompileTask:
C2:  14042 1895       4       com.android.dx.ssa.SsaConverter::placePhiFunctions (394 bytes)


---------------  P R O C E S S  ---------------

Java Threads: ( => current thread )
  0x00000000163ad800 JavaThread "pool-1-thread-4" [_thread_in_Java, id=16932, stack(0x0000000016b50000,0x0000000016c50000)]
  0x00000000163b7000 JavaThread "pool-1-thread-3" [_thread_in_Java, id=12304, stack(0x0000000016a50000,0x0000000016b50000)]
  0x00000000163b5800 JavaThread "pool-1-thread-2" [_thread_in_Java, id=11752, stack(0x0000000016950000,0x0000000016a50000)]
  0x00000000163a8000 JavaThread "pool-2-thread-1" [_thread_blocked, id=15908, stack(0x0000000016850000,0x0000000016950000)]
  0x00000000163a2000 JavaThread "pool-1-thread-1" [_thread_in_Java, id=16180, stack(0x0000000016750000,0x0000000016850000)]
  0x0000000016155800 JavaThread "Service Thread" daemon [_thread_blocked, id=11392, stack(0x0000000016550000,0x0000000016650000)]
  0x000000001494d800 JavaThread "C1 CompilerThread2" daemon [_thread_blocked, id=16508, stack(0x0000000016050000,0x0000000016150000)]
  0x00000000148f3000 JavaThread "C2 CompilerThread1" daemon [_thread_in_native, id=5572, stack(0x0000000015f50000,0x0000000016050000)]
=>0x00000000148ee800 JavaThread "C2 CompilerThread0" daemon [_thread_in_native, id=16452, stack(0x0000000015e50000,0x0000000015f50000)]
  0x00000000148ec000 JavaThread "Attach Listener" daemon [_thread_blocked, id=16052, stack(0x0000000015d50000,0x0000000015e50000)]
  0x00000000148eb000 JavaThread "Signal Dispatcher" daemon [_thread_blocked, id=18284, stack(0x0000000015c50000,0x0000000015d50000)]
  0x000000000212f000 JavaThread "Finalizer" daemon [_thread_blocked, id=21232, stack(0x0000000015b50000,0x0000000015c50000)]
  0x000000000212c000 JavaThread "Reference Handler" daemon [_thread_blocked, id=22000, stack(0x0000000015a50000,0x0000000015b50000)]
  0x000000000221e000 JavaThread "main" [_thread_in_Java, id=8868, stack(0x0000000001eb0000,0x0000000001fb0000)]

Other Threads:
  0x00000000148b7000 VMThread [stack: 0x0000000015950000,0x0000000015a50000] [id=6576]
  0x0000000016158000 WatcherThread [stack: 0x0000000016650000,0x0000000016750000] [id=13608]

VM state:not at safepoint (normal execution)

VM Mutex/Monitor currently owned by a thread:  ([mutex/lock_event])
[0x000000000221cfc0] CompiledIC_lock - owner thread: 0x0000000000000000

Heap:
 PSYoungGen      total 70656K, used 23148K [0x00000000eab00000, 0x00000000f3500000, 0x0000000100000000)
  eden space 65536K, 27% used [0x00000000eab00000,0x00000000ebca1b10,0x00000000eeb00000)
  from space 5120K, 99% used [0x00000000eeb00000,0x00000000eeff96b0,0x00000000ef000000)
  to   space 5120K, 0% used [0x00000000f3000000,0x00000000f3000000,0x00000000f3500000)
 ParOldGen       total 86016K, used 15797K [0x00000000c0000000, 0x00000000c5400000, 0x00000000eab00000)
  object space 86016K, 18% used [0x00000000c0000000,0x00000000c0f6d500,0x00000000c5400000)
 Metaspace       used 6227K, capacity 7156K, committed 7296K, reserved 1056768K
  class space    used 606K, capacity 620K, committed 640K, reserved 1048576K

Card table byte_map: [0x00000000115e0000,0x00000000117f0000] byte_map_base: 0x0000000010fe0000

Marking Bits: (ParMarkBitMap*) 0x000000006578d490
 Begin Bits: [0x0000000011d50000, 0x0000000012d50000)
 End Bits:   [0x0000000012d50000, 0x0000000013d50000)

Polling page: 0x0000000000510000

CodeCache: size=245760Kb used=8566Kb max_used=8566Kb free=237193Kb
 bounds [0x0000000002220000, 0x0000000002a90000, 0x0000000011220000]
 total_blobs=2107 nmethods=1843 adapters=178
 compilation: enabled

Compilation events (10 events):
Event: 13.882 Thread 0x00000000148ee800 nmethod 1874 0x0000000002a69250 code [0x0000000002a69580, 0x0000000002a6b508]
Event: 13.882 Thread 0x00000000148ee800 1895       4       com.android.dx.ssa.SsaConverter::placePhiFunctions (394 bytes)
Event: 13.885 Thread 0x000000001494d800 1899       1       com.android.dx.cf.attrib.AttInnerClasses::getInnerClasses (5 bytes)
Event: 13.885 Thread 0x000000001494d800 nmethod 1899 0x0000000002a10090 code [0x0000000002a101e0, 0x0000000002a102f0]
Event: 13.887 Thread 0x000000001494d800 1900   !   3       com.android.dx.cf.direct.MemberListParser::parse (641 bytes)
Event: 13.896 Thread 0x000000001494d800 nmethod 1900 0x0000000002a6e0d0 code [0x0000000002a6ec60, 0x0000000002a77598]
Event: 13.910 Thread 0x00000000148f3000 nmethod 1876 0x0000000002a7f8d0 code [0x0000000002a7fb40, 0x0000000002a811c0]
Event: 13.910 Thread 0x00000000148f3000 1893       4       com.android.dx.cf.iface.StdAttributeList::findFirst (44 bytes)
Event: 13.915 Thread 0x00000000148f3000 nmethod 1893 0x0000000002a53810 code [0x0000000002a53960, 0x0000000002a53c18]
Event: 13.915 Thread 0x00000000148f3000 1877       4       com.android.dx.ssa.SCCP::run (298 bytes)

GC Heap History (6 events):
Event: 4.770 GC heap before
{Heap before GC invocations=1 (full 0):
 PSYoungGen      total 37888K, used 32768K [0x00000000eab00000, 0x00000000ed500000, 0x0000000100000000)
  eden space 32768K, 100% used [0x00000000eab00000,0x00000000ecb00000,0x00000000ecb00000)
  from space 5120K, 0% used [0x00000000ed000000,0x00000000ed000000,0x00000000ed500000)
  to   space 5120K, 0% used [0x00000000ecb00000,0x00000000ecb00000,0x00000000ed000000)
 ParOldGen       total 86016K, used 0K [0x00000000c0000000, 0x00000000c5400000, 0x00000000eab00000)
  object space 86016K, 0% used [0x00000000c0000000,0x00000000c0000000,0x00000000c5400000)
 Metaspace       used 5884K, capacity 6960K, committed 7040K, reserved 1056768K
  class space    used 583K, capacity 616K, committed 640K, reserved 1048576K
Event: 5.551 GC heap after
Heap after GC invocations=1 (full 0):
 PSYoungGen      total 37888K, used 5102K [0x00000000eab00000, 0x00000000ef500000, 0x0000000100000000)
  eden space 32768K, 0% used [0x00000000eab00000,0x00000000eab00000,0x00000000ecb00000)
  from space 5120K, 99% used [0x00000000ecb00000,0x00000000ecffb8d8,0x00000000ed000000)
  to   space 5120K, 0% used [0x00000000ef000000,0x00000000ef000000,0x00000000ef500000)
 ParOldGen       total 86016K, used 1704K [0x00000000c0000000, 0x00000000c5400000, 0x00000000eab00000)
  object space 86016K, 1% used [0x00000000c0000000,0x00000000c01aa348,0x00000000c5400000)
 Metaspace       used 5884K, capacity 6960K, committed 7040K, reserved 1056768K
  class space    used 583K, capacity 616K, committed 640K, reserved 1048576K
}
Event: 7.295 GC heap before
{Heap before GC invocations=2 (full 0):
 PSYoungGen      total 37888K, used 37870K [0x00000000eab00000, 0x00000000ef500000, 0x0000000100000000)
  eden space 32768K, 100% used [0x00000000eab00000,0x00000000ecb00000,0x00000000ecb00000)
  from space 5120K, 99% used [0x00000000ecb00000,0x00000000ecffb8d8,0x00000000ed000000)
  to   space 5120K, 0% used [0x00000000ef000000,0x00000000ef000000,0x00000000ef500000)
 ParOldGen       total 86016K, used 1704K [0x00000000c0000000, 0x00000000c5400000, 0x00000000eab00000)
  object space 86016K, 1% used [0x00000000c0000000,0x00000000c01aa348,0x00000000c5400000)
 Metaspace       used 6009K, capacity 7024K, committed 7296K, reserved 1056768K
  class space    used 585K, capacity 616K, committed 640K, reserved 1048576K
Event: 7.311 GC heap after
Heap after GC invocations=2 (full 0):
 PSYoungGen      total 70656K, used 5115K [0x00000000eab00000, 0x00000000ef500000, 0x0000000100000000)
  eden space 65536K, 0% used [0x00000000eab00000,0x00000000eab00000,0x00000000eeb00000)
  from space 5120K, 99% used [0x00000000ef000000,0x00000000ef4fed20,0x00000000ef500000)
  to   space 5120K, 0% used [0x00000000eeb00000,0x00000000eeb00000,0x00000000ef000000)
 ParOldGen       total 86016K, used 6371K [0x00000000c0000000, 0x00000000c5400000, 0x00000000eab00000)
  object space 86016K, 7% used [0x00000000c0000000,0x00000000c0638e70,0x00000000c5400000)
 Metaspace       used 6009K, capacity 7024K, committed 7296K, reserved 1056768K
  class space    used 585K, capacity 616K, committed 640K, reserved 1048576K
}
Event: 12.785 GC heap before
{Heap before GC invocations=3 (full 0):
 PSYoungGen      total 70656K, used 70651K [0x00000000eab00000, 0x00000000ef500000, 0x0000000100000000)
  eden space 65536K, 100% used [0x00000000eab00000,0x00000000eeb00000,0x00000000eeb00000)
  from space 5120K, 99% used [0x00000000ef000000,0x00000000ef4fed20,0x00000000ef500000)
  to   space 5120K, 0% used [0x00000000eeb00000,0x00000000eeb00000,0x00000000ef000000)
 ParOldGen       total 86016K, used 6371K [0x00000000c0000000, 0x00000000c5400000, 0x00000000eab00000)
  object space 86016K, 7% used [0x00000000c0000000,0x00000000c0638e70,0x00000000c5400000)
 Metaspace       used 6201K, capacity 7092K, committed 7296K, reserved 1056768K
  class space    used 605K, capacity 620K, committed 640K, reserved 1048576K
Event: 13.168 GC heap after
Heap after GC invocations=3 (full 0):
 PSYoungGen      total 70656K, used 5093K [0x00000000eab00000, 0x00000000f3500000, 0x0000000100000000)
  eden space 65536K, 0% used [0x00000000eab00000,0x00000000eab00000,0x00000000eeb00000)
  from space 5120K, 99% used [0x00000000eeb00000,0x00000000eeff96b0,0x00000000ef000000)
  to   space 5120K, 0% used [0x00000000f3000000,0x00000000f3000000,0x00000000f3500000)
 ParOldGen       total 86016K, used 15797K [0x00000000c0000000, 0x00000000c5400000, 0x00000000eab00000)
  object space 86016K, 18% used [0x00000000c0000000,0x00000000c0f6d500,0x00000000c5400000)
 Metaspace       used 6201K, capacity 7092K, committed 7296K, reserved 1056768K
  class space    used 605K, capacity 620K, committed 640K, reserved 1048576K
}

Deoptimization events (10 events):
Event: 11.757 Thread 0x00000000163ad800 Uncommon trap: reason=class_check action=maybe_recompile pc=0x00000000026bee74 method=java.util.HashMap.putVal(ILjava/lang/Object;Ljava/lang/Object;ZZ)Ljava/lang/Object; @ 203
Event: 11.757 Thread 0x00000000163ad800 Uncommon trap: reason=class_check action=maybe_recompile pc=0x00000000026bee74 method=java.util.HashMap.putVal(ILjava/lang/Object;Ljava/lang/Object;ZZ)Ljava/lang/Object; @ 203
Event: 12.256 Thread 0x00000000163b7000 Uncommon trap: reason=unreached action=reinterpret pc=0x00000000025d9dc0 method=java.util.HashMap.putVal(ILjava/lang/Object;Ljava/lang/Object;ZZ)Ljava/lang/Object; @ 109
Event: 12.390 Thread 0x00000000163ad800 Uncommon trap: reason=bimorphic action=maybe_recompile pc=0x0000000002920238 method=com.android.dx.rop.code.RegisterSpec.withSimpleType()Lcom/android/dx/rop/code/RegisterSpec; @ 21
Event: 12.435 Thread 0x00000000163ad800 Uncommon trap: reason=bimorphic action=maybe_recompile pc=0x0000000002920238 method=com.android.dx.rop.code.RegisterSpec.withSimpleType()Lcom/android/dx/rop/code/RegisterSpec; @ 21
Event: 13.510 Thread 0x00000000163ad800 Uncommon trap: reason=bimorphic action=maybe_recompile pc=0x0000000002920238 method=com.android.dx.rop.code.RegisterSpec.withSimpleType()Lcom/android/dx/rop/code/RegisterSpec; @ 21
Event: 13.671 Thread 0x00000000163a2000 Uncommon trap: reason=unloaded action=reinterpret pc=0x000000000286a868 method=com.android.dx.ssa.LiteralOpUpgrader$1.visitNonMoveInsn(Lcom/android/dx/ssa/NormalSsaInsn;)V @ 72
Event: 13.673 Thread 0x00000000163a2000 Uncommon trap: reason=unreached action=reinterpret pc=0x000000000262201c method=com.android.dx.ssa.SsaMethod.updateOneDefinition(Lcom/android/dx/ssa/SsaInsn;Lcom/android/dx/rop/code/RegisterSpec;)V @ 4
Event: 13.680 Thread 0x00000000163a2000 Uncommon trap: reason=unreached action=reinterpret pc=0x0000000002738664 method=java.util.HashMap.putVal(ILjava/lang/Object;Ljava/lang/Object;ZZ)Ljava/lang/Object; @ 109
Event: 13.859 Thread 0x00000000163b5800 Uncommon trap: reason=unreached action=reinterpret pc=0x000000000294f814 method=com.android.dx.rop.code.LocalVariableExtractor.processBlock(I)V @ 195

Internal exceptions (10 events):
Event: 3.662 Thread 0x00000000163ad800 Implicit null exception at 0x000000000255e682 to 0x00000000025604b1
Event: 4.318 Thread 0x000000000221e000 Exception <a 'java/security/PrivilegedActionException'> (0x00000000ec5e4fc8) thrown at [D:\re\workspace\8-2-build-windows-amd64-cygwin\jdk8u25\1677\hotspot\src\share\vm\prims\jvm.cpp, line 1312]
Event: 5.633 Thread 0x000000000221e000 Exception <a 'java/security/PrivilegedActionException'> (0x00000000eacc0720) thrown at [D:\re\workspace\8-2-build-windows-amd64-cygwin\jdk8u25\1677\hotspot\src\share\vm\prims\jvm.cpp, line 1312]
Event: 5.824 Thread 0x000000000221e000 Exception <a 'java/security/PrivilegedActionException'> (0x00000000eb8932a8) thrown at [D:\re\workspace\8-2-build-windows-amd64-cygwin\jdk8u25\1677\hotspot\src\share\vm\prims\jvm.cpp, line 1312]
Event: 9.200 Thread 0x00000000163a2000 Exception <a 'java/security/PrivilegedActionException'> (0x00000000ec3757c0) thrown at [D:\re\workspace\8-2-build-windows-amd64-cygwin\jdk8u25\1677\hotspot\src\share\vm\prims\jvm.cpp, line 1312]
Event: 10.315 Thread 0x00000000163b5800 Exception <a 'java/lang/ArrayIndexOutOfBoundsException': 18> (0x00000000ec9d2ea8) thrown at [D:\re\workspace\8-2-build-windows-amd64-cygwin\jdk8u25\1677\hotspot\src\share\vm\interpreter\interpreterRuntime.cpp, line 366]
Event: 10.316 Thread 0x00000000163b5800 Exception <a 'java/lang/ArrayIndexOutOfBoundsException'> (0x00000000ec9d4940) thrown at [D:\re\workspace\8-2-build-windows-amd64-cygwin\jdk8u25\1677\hotspot\src\share\vm\runtime\sharedRuntime.cpp, line 604]
Event: 10.317 Thread 0x00000000163b5800 Exception <a 'java/lang/ArrayIndexOutOfBoundsException'> (0x00000000ec9d5b58) thrown at [D:\re\workspace\8-2-build-windows-amd64-cygwin\jdk8u25\1677\hotspot\src\share\vm\runtime\sharedRuntime.cpp, line 604]
Event: 11.744 Thread 0x000000000221e000 Exception <a 'java/security/PrivilegedActionException'> (0x00000000ed6e9768) thrown at [D:\re\workspace\8-2-build-windows-amd64-cygwin\jdk8u25\1677\hotspot\src\share\vm\prims\jvm.cpp, line 1312]
Event: 13.672 Thread 0x00000000163a2000 Exception <a 'java/security/PrivilegedActionException'> (0x00000000eb305a48) thrown at [D:\re\workspace\8-2-build-windows-amd64-cygwin\jdk8u25\1677\hotspot\src\share\vm\prims\jvm.cpp, line 1312]

Events (10 events):
Event: 13.680 Thread 0x00000000163a2000 DEOPT UNPACKING pc=0x000000000226556a sp=0x000000001684e3f8 mode 2
Event: 13.800 Thread 0x00000000163b5800 DEOPT PACKING pc=0x0000000002641f67 sp=0x0000000016a4eb90
Event: 13.800 Thread 0x00000000163b5800 DEOPT UNPACKING pc=0x00000000022675bf sp=0x0000000016a4e9a0 mode 0
Event: 13.801 Thread 0x00000000163b5800 DEOPT PACKING pc=0x0000000002712131 sp=0x0000000016a4ec30
Event: 13.801 Thread 0x00000000163b5800 DEOPT UNPACKING pc=0x00000000022675bf sp=0x0000000016a4e9c0 mode 0
Event: 13.858 Thread 0x00000000163b5800 DEOPT PACKING pc=0x0000000002674581 sp=0x0000000016a4eb70
Event: 13.858 Thread 0x00000000163b5800 DEOPT UNPACKING pc=0x00000000022675bf sp=0x0000000016a4e9a0 mode 0
Event: 13.859 Thread 0x00000000163b5800 Uncommon trap: trap_request=0xffffffad fr.pc=0x000000000294f814
Event: 13.859 Thread 0x00000000163b5800 DEOPT PACKING pc=0x000000000294f814 sp=0x0000000016a4ee20
Event: 13.859 Thread 0x00000000163b5800 DEOPT UNPACKING pc=0x000000000226556a sp=0x0000000016a4edd0 mode 2


Dynamic libraries:
0x00007ff611c60000 - 0x00007ff611c94000 	C:\Program Files\Java\jdk1.8.0_25\bin\java.exe
0x00007ffe15550000 - 0x00007ffe15711000 	C:\WINDOWS\SYSTEM32\ntdll.dll
0x00007ffe12fd0000 - 0x00007ffe1307d000 	C:\WINDOWS\system32\KERNEL32.DLL
0x00007ffe01a20000 - 0x00007ffe01a52000 	C:\Program Files (x86)\AVG\Av\avghooka.dll
0x00007ffe11d40000 - 0x00007ffe11f28000 	C:\WINDOWS\system32\KERNELBASE.dll
0x00007ffe15400000 - 0x00007ffe154a7000 	C:\WINDOWS\system32\ADVAPI32.dll
0x00007ffe12c50000 - 0x00007ffe12ced000 	C:\WINDOWS\system32\msvcrt.dll
0x00007ffe154b0000 - 0x00007ffe1550b000 	C:\WINDOWS\system32\sechost.dll
0x00007ffe13400000 - 0x00007ffe1351c000 	C:\WINDOWS\system32\RPCRT4.dll
0x00007ffe132a0000 - 0x00007ffe133f6000 	C:\WINDOWS\system32\USER32.dll
0x00007ffe14c90000 - 0x00007ffe14e16000 	C:\WINDOWS\system32\GDI32.dll
0x00007ffe0ab20000 - 0x00007ffe0ad94000 	C:\WINDOWS\WinSxS\amd64_microsoft.windows.common-controls_6595b64144ccf1df_6.0.10586.0_none_8c15ae12515e1c22\COMCTL32.dll
0x00007ffe12d50000 - 0x00007ffe12fcd000 	C:\WINDOWS\system32\combase.dll
0x00007ffe12270000 - 0x00007ffe122da000 	C:\WINDOWS\system32\bcryptPrimitives.dll
0x0000000000530000 - 0x000000000056b000 	C:\WINDOWS\system32\IMM32.DLL
0x00007ffe105a0000 - 0x00007ffe105d1000 	C:\Windows\system32\nvinitx.dll
0x00007ffe10590000 - 0x00007ffe1059a000 	C:\WINDOWS\SYSTEM32\VERSION.dll
0x00000000677e0000 - 0x00000000677e6000 	C:\Program Files\NVIDIA Corporation\CoProcManager\_etoured.dll
0x00007ffe0fe20000 - 0x00007ffe0fe53000 	C:\Program Files\NVIDIA Corporation\CoProcManager\nvd3d9wrapx.dll
0x00007ffe14fd0000 - 0x00007ffe153f9000 	C:\WINDOWS\system32\SETUPAPI.dll
0x00007ffe12220000 - 0x00007ffe12263000 	C:\WINDOWS\system32\CFGMGR32.dll
0x00007ffe0fdf0000 - 0x00007ffe0fe12000 	C:\Program Files\NVIDIA Corporation\CoProcManager\nvdxgiwrapx.dll
0x0000000064ed0000 - 0x0000000064fa2000 	C:\Program Files\Java\jdk1.8.0_25\jre\bin\msvcr100.dll
0x0000000064fb0000 - 0x000000006580a000 	C:\Program Files\Java\jdk1.8.0_25\jre\bin\server\jvm.dll
0x00007ffe13220000 - 0x00007ffe13228000 	C:\WINDOWS\system32\PSAPI.DLL
0x00007ffe0f030000 - 0x00007ffe0f039000 	C:\WINDOWS\SYSTEM32\WSOCK32.dll
0x00007ffe13230000 - 0x00007ffe1329b000 	C:\WINDOWS\system32\WS2_32.dll
0x00007ffe0fda0000 - 0x00007ffe0fdc3000 	C:\WINDOWS\SYSTEM32\WINMM.dll
0x00007ffe0fd40000 - 0x00007ffe0fd6c000 	C:\WINDOWS\SYSTEM32\WINMMBASE.dll
0x0000000066200000 - 0x000000006620f000 	C:\Program Files\Java\jdk1.8.0_25\jre\bin\verify.dll
0x0000000065880000 - 0x00000000658a8000 	C:\Program Files\Java\jdk1.8.0_25\jre\bin\java.dll
0x00000000661e0000 - 0x00000000661f6000 	C:\Program Files\Java\jdk1.8.0_25\jre\bin\zip.dll
0x00007ffe13520000 - 0x00007ffe14a7c000 	C:\WINDOWS\system32\SHELL32.dll
0x00007ffe122e0000 - 0x00007ffe12925000 	C:\WINDOWS\system32\windows.storage.dll
0x00007ffe12950000 - 0x00007ffe129a2000 	C:\WINDOWS\system32\shlwapi.dll
0x00007ffe11bf0000 - 0x00007ffe11bff000 	C:\WINDOWS\system32\kernel.appcore.dll
0x00007ffe11f30000 - 0x00007ffe11fe5000 	C:\WINDOWS\system32\shcore.dll
0x00007ffe11b90000 - 0x00007ffe11bdb000 	C:\WINDOWS\system32\powrprof.dll
0x00007ffe11b70000 - 0x00007ffe11b84000 	C:\WINDOWS\system32\profapi.dll
0x00007ffe0a8f0000 - 0x00007ffe0aa7c000 	C:\WINDOWS\SYSTEM32\dbghelp.dll

VM Arguments:
jvm_args: -Djava.awt.headless=true -Xmx1024M -Dfile.encoding=windows-1250 -Duser.country=PL -Duser.language=pl -Duser.variant 
java_command: com.android.dx.command.Main --dex --num-threads=4 --output C:\Users\Public\Projects\FibNative\app\build\intermediates\pre-dexed\debug\com.android.support-appcompat-v7-23.1.0_c247ce3d0a0bde8a14935c8edecde7876ddc97ec.jar C:\Users\Public\Projects\FibNative\app\build\intermediates\exploded-aar\com.android.support\appcompat-v7\23.1.0\jars\classes.jar
java_class_path (initial): C:\Android\sdk\build-tools\23.0.1\lib\dx.jar
Launcher Type: SUN_STANDARD

Environment Variables:
JAVA_HOME=C:\Program Files\Java\jdk1.8.0_25\
PATH=C:\ProgramData\Oracle\Java\javapath;C:\Windows\system32;C:\Windows;C:\Windows\System32\Wbem;C:\Windows\System32\WindowsPowerShell\v1.0\;C:\Program Files (x86)\Intel\OpenCL SDK\2.0\bin\x86;C:\Program Files (x86)\Intel\OpenCL SDK\2.0\bin\x64;C:\Program Files (x86)\Windows Kits\8.1\Windows Performance Toolkit\;C:\MinGW\bin;C:\Program Files\Java\jdk1.8.0_25\bin;C:\OpenCV\opencv\build\x64\vc12\bin;C:\wamp\bin\php\php5.5.12;C:\OpenCV\opencv\build\x86\vc12\bin;C:\Users\£ukasz\AppData\Local\Android\sdk\platform-tools;C:\Program Files\MiKTeX 2.9\miktex\bin\x64\;C:\Python34;C:\Maven\bin;C:\sqllite3;C:\OpenCV\build\x64\vc10\bin;C:\Program Files (x86)\Calibre2\;C:\Program Files (x86)\NVIDIA Corporation\PhysX\Common;c:\wamp\bin\mysql\mysql5.6.17\bin;C:\Program Files (x86)\QuickTime\QTSystem\;C:\WINDOWS\system32;C:\WINDOWS;C:\WINDOWS\System32\Wbem;C:\WINDOWS\System32\WindowsPowerShell\v1.0\;C:\Program Files (x86)\Heroku\bin;C:\Program Files (x86)\git\cmd;C:\Program Files\Oracle\VirtualBox;C:\Android\sdk\platform-tools;C:\Program Files (x86)\Vim\vim74;C:\Android\ndk;C:\Program Files (x86)\Skype\Phone\;C:\Program Files\nodejs\;C:\Program Files (x86)\MySQL\MySQL Utilities\;C:\Program Files (x86)\MySQL\MySQL Utilities\Doctrine extensions for PHP\;C:\Python27\;C:\Program Files\Git\cmd;C:\Program Files\Git\mingw64\bin;C:\Program Files\Git\usr\bin;G:\bin;C:\Users\Lukasz\AppData\Roaming\npm
USERNAME=Lukasz
DISPLAY=:0
OS=Windows_NT
PROCESSOR_IDENTIFIER=Intel64 Family 6 Model 58 Stepping 9, GenuineIntel



---------------  S Y S T E M  ---------------

OS: Windows 8.1 , 64 bit Build 9600 

CPU:total 4 (2 cores per cpu, 2 threads per core) family 6 model 58 stepping 9, cmov, cx8, fxsr, mmx, sse, sse2, sse3, ssse3, sse4.1, sse4.2, popcnt, avx, aes, clmul, erms, ht, tsc, tscinvbit, tscinv

Memory: 4k page, physical 8248692k(1135992k free), swap 12647320k(5136k free)

vm_info: Java HotSpot(TM) 64-Bit Server VM (25.25-b02) for windows-amd64 JRE (1.8.0_25-b18), built on Oct  7 2014 14:25:37 by "java_re" with MS VC++ 10.0 (VS2010)

time: Tue Feb 23 20:23:01 2016
elapsed time: 14 seconds (0d 0h 0m 14s)

