#
# There is insufficient memory for the Java Runtime Environment to continue.
# Native memory allocation (malloc) failed to allocate 679376 bytes for Chunk::new
# Possible reasons:
#   The system is out of physical RAM or swap space
#   In 32 bit mode, the process size limit was hit
# Possible solutions:
#   Reduce memory load on the system
#   Increase physical memory or swap space
#   Check if swap backing store is full
#   Use 64 bit Java on a 64 bit OS
#   Decrease Java heap size (-Xmx/-Xms)
#   Decrease number of Java threads
#   Decrease Java thread stack sizes (-Xss)
#   Set larger code cache with -XX:ReservedCodeCacheSize=
# This output file may be truncated or incomplete.
#
#  Out of Memory Error (allocation.cpp:390), pid=8956, tid=4268
#
# JRE version: Java(TM) SE Runtime Environment (8.0_25-b18) (build 1.8.0_25-b18)
# Java VM: Java HotSpot(TM) 64-Bit Server VM (25.25-b02 mixed mode windows-amd64 compressed oops)
# Failed to write core dump. Minidumps are not enabled by default on client versions of Windows
#

---------------  T H R E A D  ---------------

Current thread (0x000000001488e800):  JavaThread "C2 CompilerThread0" daemon [_thread_in_native, id=4268, stack(0x0000000015df0000,0x0000000015ef0000)]

Stack: [0x0000000015df0000,0x0000000015ef0000]
Native frames: (J=compiled Java code, j=interpreted, Vv=VM code, C=native code)
V  [jvm.dll+0x31667a]


Current CompileTask:
C2:  12939 2260 %     4       com.android.dx.dex.code.LocalList::make @ 16 (102 bytes)


---------------  P R O C E S S  ---------------

Java Threads: ( => current thread )
  0x00000000148ec000 JavaThread "Service Thread" daemon [_thread_blocked, id=12324, stack(0x00000000160f0000,0x00000000161f0000)]
  0x0000000014895000 JavaThread "C1 CompilerThread2" daemon [_thread_blocked, id=16968, stack(0x0000000015ff0000,0x00000000160f0000)]
  0x0000000014893000 JavaThread "C2 CompilerThread1" daemon [_thread_in_native, id=19300, stack(0x0000000015ef0000,0x0000000015ff0000)]
=>0x000000001488e800 JavaThread "C2 CompilerThread0" daemon [_thread_in_native, id=4268, stack(0x0000000015df0000,0x0000000015ef0000)]
  0x000000001488c000 JavaThread "Attach Listener" daemon [_thread_blocked, id=7796, stack(0x0000000015cf0000,0x0000000015df0000)]
  0x000000001488b000 JavaThread "Signal Dispatcher" daemon [_thread_blocked, id=18180, stack(0x0000000015bf0000,0x0000000015cf0000)]
  0x0000000000cdf000 JavaThread "Finalizer" daemon [_thread_blocked, id=8168, stack(0x0000000015af0000,0x0000000015bf0000)]
  0x0000000000cdc000 JavaThread "Reference Handler" daemon [_thread_blocked, id=9140, stack(0x00000000159f0000,0x0000000015af0000)]
  0x0000000000a0e000 JavaThread "main" [_thread_in_Java, id=11928, stack(0x0000000000af0000,0x0000000000bf0000)]

Other Threads:
  0x0000000014856800 VMThread [stack: 0x00000000158f0000,0x00000000159f0000] [id=21188]
  0x00000000161f0800 WatcherThread [stack: 0x00000000165f0000,0x00000000166f0000] [id=8816]

VM state:not at safepoint (normal execution)

VM Mutex/Monitor currently owned by a thread: None

Heap:
 PSYoungGen      total 70656K, used 10001K [0x00000000eab00000, 0x00000000ef500000, 0x0000000100000000)
  eden space 65536K, 7% used [0x00000000eab00000,0x00000000eafc90a0,0x00000000eeb00000)
  from space 5120K, 99% used [0x00000000ef000000,0x00000000ef4fb600,0x00000000ef500000)
  to   space 5120K, 0% used [0x00000000eeb00000,0x00000000eeb00000,0x00000000ef000000)
 ParOldGen       total 86016K, used 25436K [0x00000000c0000000, 0x00000000c5400000, 0x00000000eab00000)
  object space 86016K, 29% used [0x00000000c0000000,0x00000000c18d72a8,0x00000000c5400000)
 Metaspace       used 6650K, capacity 7384K, committed 7680K, reserved 1056768K
  class space    used 638K, capacity 656K, committed 768K, reserved 1048576K

Card table byte_map: [0x0000000000cf0000,0x0000000000f00000] byte_map_base: 0x00000000006f0000

Marking Bits: (ParMarkBitMap*) 0x000000006578d490
 Begin Bits: [0x0000000011cf0000, 0x0000000012cf0000)
 End Bits:   [0x0000000012cf0000, 0x0000000013cf0000)

Polling page: 0x0000000000450000

CodeCache: size=245760Kb used=9430Kb max_used=9442Kb free=236329Kb
 bounds [0x00000000023d0000, 0x0000000002d20000, 0x00000000113d0000]
 total_blobs=2434 nmethods=2163 adapters=184
 compilation: enabled

Compilation events (10 events):
Event: 12.893 Thread 0x000000001488e800 nmethod 2255% 0x0000000002d0db90 code [0x0000000002d0dd20, 0x0000000002d0e0f8]
Event: 12.893 Thread 0x000000001488e800 2257       4       com.android.dx.dex.code.OutputFinisher::assignIndices (46 bytes)
Event: 12.901 Thread 0x000000001488e800 nmethod 2257 0x0000000002d0cdd0 code [0x0000000002d0cf60, 0x0000000002d0d398]
Event: 12.902 Thread 0x000000001488e800 2258       4       com.android.dx.dex.code.OutputFinisher::makeOpcodesArray (45 bytes)
Event: 12.907 Thread 0x0000000014893000 nmethod 2256 0x0000000002d0ec90 code [0x0000000002d0ee20, 0x0000000002d0f688]
Event: 12.907 Thread 0x0000000014893000 2259       4       com.android.dx.dex.code.DalvInsnList::makeImmutable (51 bytes)
Event: 12.908 Thread 0x000000001488e800 nmethod 2258 0x0000000002d08bd0 code [0x0000000002d08d20, 0x0000000002d09038]
Event: 12.909 Thread 0x000000001488e800 2260 %     4       com.android.dx.dex.code.LocalList::make @ 16 (102 bytes)
Event: 12.916 Thread 0x0000000014893000 nmethod 2259 0x0000000002d11c50 code [0x0000000002d11da0, 0x0000000002d12158]
Event: 12.917 Thread 0x0000000014893000 2261       4       com.android.dx.dex.code.StdCatchBuilder::handlersFor (216 bytes)

GC Heap History (8 events):
Event: 4.664 GC heap before
{Heap before GC invocations=1 (full 0):
 PSYoungGen      total 37888K, used 32768K [0x00000000eab00000, 0x00000000ed500000, 0x0000000100000000)
  eden space 32768K, 100% used [0x00000000eab00000,0x00000000ecb00000,0x00000000ecb00000)
  from space 5120K, 0% used [0x00000000ed000000,0x00000000ed000000,0x00000000ed500000)
  to   space 5120K, 0% used [0x00000000ecb00000,0x00000000ecb00000,0x00000000ed000000)
 ParOldGen       total 86016K, used 0K [0x00000000c0000000, 0x00000000c5400000, 0x00000000eab00000)
  object space 86016K, 0% used [0x00000000c0000000,0x00000000c0000000,0x00000000c5400000)
 Metaspace       used 6037K, capacity 6960K, committed 7040K, reserved 1056768K
  class space    used 598K, capacity 616K, committed 640K, reserved 1048576K
Event: 4.870 GC heap after
Heap after GC invocations=1 (full 0):
 PSYoungGen      total 37888K, used 5101K [0x00000000eab00000, 0x00000000ef500000, 0x0000000100000000)
  eden space 32768K, 0% used [0x00000000eab00000,0x00000000eab00000,0x00000000ecb00000)
  from space 5120K, 99% used [0x00000000ecb00000,0x00000000ecffb5b0,0x00000000ed000000)
  to   space 5120K, 0% used [0x00000000ef000000,0x00000000ef000000,0x00000000ef500000)
 ParOldGen       total 86016K, used 1961K [0x00000000c0000000, 0x00000000c5400000, 0x00000000eab00000)
  object space 86016K, 2% used [0x00000000c0000000,0x00000000c01ea778,0x00000000c5400000)
 Metaspace       used 6037K, capacity 6960K, committed 7040K, reserved 1056768K
  class space    used 598K, capacity 616K, committed 640K, reserved 1048576K
}
Event: 6.350 GC heap before
{Heap before GC invocations=2 (full 0):
 PSYoungGen      total 37888K, used 37869K [0x00000000eab00000, 0x00000000ef500000, 0x0000000100000000)
  eden space 32768K, 100% used [0x00000000eab00000,0x00000000ecb00000,0x00000000ecb00000)
  from space 5120K, 99% used [0x00000000ecb00000,0x00000000ecffb5b0,0x00000000ed000000)
  to   space 5120K, 0% used [0x00000000ef000000,0x00000000ef000000,0x00000000ef500000)
 ParOldGen       total 86016K, used 1961K [0x00000000c0000000, 0x00000000c5400000, 0x00000000eab00000)
  object space 86016K, 2% used [0x00000000c0000000,0x00000000c01ea778,0x00000000c5400000)
 Metaspace       used 6241K, capacity 7128K, committed 7424K, reserved 1056768K
  class space    used 619K, capacity 656K, committed 768K, reserved 1048576K
Event: 6.381 GC heap after
Heap after GC invocations=2 (full 0):
 PSYoungGen      total 70656K, used 5114K [0x00000000eab00000, 0x00000000ef500000, 0x0000000100000000)
  eden space 65536K, 0% used [0x00000000eab00000,0x00000000eab00000,0x00000000eeb00000)
  from space 5120K, 99% used [0x00000000ef000000,0x00000000ef4fe8c0,0x00000000ef500000)
  to   space 5120K, 0% used [0x00000000eeb00000,0x00000000eeb00000,0x00000000ef000000)
 ParOldGen       total 86016K, used 7202K [0x00000000c0000000, 0x00000000c5400000, 0x00000000eab00000)
  object space 86016K, 8% used [0x00000000c0000000,0x00000000c0708910,0x00000000c5400000)
 Metaspace       used 6241K, capacity 7128K, committed 7424K, reserved 1056768K
  class space    used 619K, capacity 656K, committed 768K, reserved 1048576K
}
Event: 8.896 GC heap before
{Heap before GC invocations=3 (full 0):
 PSYoungGen      total 70656K, used 70650K [0x00000000eab00000, 0x00000000ef500000, 0x0000000100000000)
  eden space 65536K, 100% used [0x00000000eab00000,0x00000000eeb00000,0x00000000eeb00000)
  from space 5120K, 99% used [0x00000000ef000000,0x00000000ef4fe8c0,0x00000000ef500000)
  to   space 5120K, 0% used [0x00000000eeb00000,0x00000000eeb00000,0x00000000ef000000)
 ParOldGen       total 86016K, used 7202K [0x00000000c0000000, 0x00000000c5400000, 0x00000000eab00000)
  object space 86016K, 8% used [0x00000000c0000000,0x00000000c0708910,0x00000000c5400000)
 Metaspace       used 6279K, capacity 7128K, committed 7424K, reserved 1056768K
  class space    used 619K, capacity 656K, committed 768K, reserved 1048576K
Event: 8.924 GC heap after
Heap after GC invocations=3 (full 0):
 PSYoungGen      total 70656K, used 5089K [0x00000000eab00000, 0x00000000ef500000, 0x0000000100000000)
  eden space 65536K, 0% used [0x00000000eab00000,0x00000000eab00000,0x00000000eeb00000)
  from space 5120K, 99% used [0x00000000eeb00000,0x00000000eeff86e0,0x00000000ef000000)
  to   space 5120K, 0% used [0x00000000ef000000,0x00000000ef000000,0x00000000ef500000)
 ParOldGen       total 86016K, used 16234K [0x00000000c0000000, 0x00000000c5400000, 0x00000000eab00000)
  object space 86016K, 18% used [0x00000000c0000000,0x00000000c0fda958,0x00000000c5400000)
 Metaspace       used 6279K, capacity 7128K, committed 7424K, reserved 1056768K
  class space    used 619K, capacity 656K, committed 768K, reserved 1048576K
}
Event: 11.894 GC heap before
{Heap before GC invocations=4 (full 0):
 PSYoungGen      total 70656K, used 70625K [0x00000000eab00000, 0x00000000ef500000, 0x0000000100000000)
  eden space 65536K, 100% used [0x00000000eab00000,0x00000000eeb00000,0x00000000eeb00000)
  from space 5120K, 99% used [0x00000000eeb00000,0x00000000eeff86e0,0x00000000ef000000)
  to   space 5120K, 0% used [0x00000000ef000000,0x00000000ef000000,0x00000000ef500000)
 ParOldGen       total 86016K, used 16234K [0x00000000c0000000, 0x00000000c5400000, 0x00000000eab00000)
  object space 86016K, 18% used [0x00000000c0000000,0x00000000c0fda958,0x00000000c5400000)
 Metaspace       used 6412K, capacity 7192K, committed 7424K, reserved 1056768K
  class space    used 626K, capacity 656K, committed 768K, reserved 1048576K
Event: 12.040 GC heap after
Heap after GC invocations=4 (full 0):
 PSYoungGen      total 70656K, used 5101K [0x00000000eab00000, 0x00000000ef500000, 0x0000000100000000)
  eden space 65536K, 0% used [0x00000000eab00000,0x00000000eab00000,0x00000000eeb00000)
  from space 5120K, 99% used [0x00000000ef000000,0x00000000ef4fb600,0x00000000ef500000)
  to   space 5120K, 0% used [0x00000000eeb00000,0x00000000eeb00000,0x00000000ef000000)
 ParOldGen       total 86016K, used 25436K [0x00000000c0000000, 0x00000000c5400000, 0x00000000eab00000)
  object space 86016K, 29% used [0x00000000c0000000,0x00000000c18d72a8,0x00000000c5400000)
 Metaspace       used 6412K, capacity 7192K, committed 7424K, reserved 1056768K
  class space    used 626K, capacity 656K, committed 768K, reserved 1048576K
}

Deoptimization events (10 events):
Event: 10.475 Thread 0x0000000016c09800 Uncommon trap: reason=unreached action=reinterpret pc=0x00000000029ab328 method=com.android.dx.cf.code.BaseMachine.getLocalTarget(Z)Lcom/android/dx/rop/code/RegisterSpec; @ 131
Event: 10.476 Thread 0x0000000016c09800 Uncommon trap: reason=unreached action=reinterpret pc=0x0000000002a4f3e0 method=com.android.dx.cf.code.BaseMachine.getLocalTarget(Z)Lcom/android/dx/rop/code/RegisterSpec; @ 131
Event: 10.512 Thread 0x0000000016c09800 Uncommon trap: reason=unreached action=reinterpret pc=0x00000000029f8e0c method=com.android.dx.ssa.MoveParamCombiner$1.visitNonMoveInsn(Lcom/android/dx/ssa/NormalSsaInsn;)V @ 27
Event: 11.162 Thread 0x0000000000a0e000 Uncommon trap: reason=class_check action=maybe_recompile pc=0x00000000029575a4 method=java.util.Arrays.hashCode([Ljava/lang/Object;)I @ 43
Event: 11.162 Thread 0x0000000000a0e000 Uncommon trap: reason=class_check action=maybe_recompile pc=0x00000000029575a4 method=java.util.Arrays.hashCode([Ljava/lang/Object;)I @ 43
Event: 11.162 Thread 0x0000000000a0e000 Uncommon trap: reason=class_check action=maybe_recompile pc=0x00000000029575a4 method=java.util.Arrays.hashCode([Ljava/lang/Object;)I @ 43
Event: 11.162 Thread 0x0000000000a0e000 Uncommon trap: reason=class_check action=maybe_recompile pc=0x00000000029575a4 method=java.util.Arrays.hashCode([Ljava/lang/Object;)I @ 43
Event: 11.162 Thread 0x0000000000a0e000 Uncommon trap: reason=class_check action=maybe_recompile pc=0x00000000029338c8 method=java.util.Arrays.hashCode([Ljava/lang/Object;)I @ 43
Event: 12.102 Thread 0x0000000000a0e000 Uncommon trap: reason=unreached action=reinterpret pc=0x0000000002c2b718 method=com.android.dx.dex.file.DexFile.internIfAppropriate(Lcom/android/dx/rop/cst/Constant;)V @ 92
Event: 12.542 Thread 0x0000000000a0e000 Uncommon trap: reason=unreached action=reinterpret pc=0x0000000002c87438 method=com.android.dx.dex.code.OutputFinisher.findOpcodeForInsn(Lcom/android/dx/dex/code/DalvInsn;Lcom/android/dx/dex/code/Dop;)Lcom/android/dx/dex/code/Dop; @ 1

Internal exceptions (10 events):
Event: 12.226 Thread 0x0000000000a0e000 Exception <a 'java/security/PrivilegedActionException'> (0x00000000eacc9380) thrown at [D:\re\workspace\8-2-build-windows-amd64-cygwin\jdk8u25\1677\hotspot\src\share\vm\prims\jvm.cpp, line 1312]
Event: 12.227 Thread 0x0000000000a0e000 Exception <a 'java/security/PrivilegedActionException'> (0x00000000eacce3d8) thrown at [D:\re\workspace\8-2-build-windows-amd64-cygwin\jdk8u25\1677\hotspot\src\share\vm\prims\jvm.cpp, line 1312]
Event: 12.228 Thread 0x0000000000a0e000 Exception <a 'java/security/PrivilegedActionException'> (0x00000000eacd48e8) thrown at [D:\re\workspace\8-2-build-windows-amd64-cygwin\jdk8u25\1677\hotspot\src\share\vm\prims\jvm.cpp, line 1312]
Event: 12.230 Thread 0x0000000000a0e000 Exception <a 'java/security/PrivilegedActionException'> (0x00000000eacd7688) thrown at [D:\re\workspace\8-2-build-windows-amd64-cygwin\jdk8u25\1677\hotspot\src\share\vm\prims\jvm.cpp, line 1312]
Event: 12.231 Thread 0x0000000000a0e000 Exception <a 'java/security/PrivilegedActionException'> (0x00000000eacdc350) thrown at [D:\re\workspace\8-2-build-windows-amd64-cygwin\jdk8u25\1677\hotspot\src\share\vm\prims\jvm.cpp, line 1312]
Event: 12.232 Thread 0x0000000000a0e000 Exception <a 'java/security/PrivilegedActionException'> (0x00000000eace08c0) thrown at [D:\re\workspace\8-2-build-windows-amd64-cygwin\jdk8u25\1677\hotspot\src\share\vm\prims\jvm.cpp, line 1312]
Event: 12.347 Thread 0x0000000000a0e000 Exception <a 'java/security/PrivilegedActionException'> (0x00000000ead010b0) thrown at [D:\re\workspace\8-2-build-windows-amd64-cygwin\jdk8u25\1677\hotspot\src\share\vm\prims\jvm.cpp, line 1312]
Event: 12.347 Thread 0x0000000000a0e000 Exception <a 'java/security/PrivilegedActionException'> (0x00000000ead03ef0) thrown at [D:\re\workspace\8-2-build-windows-amd64-cygwin\jdk8u25\1677\hotspot\src\share\vm\prims\jvm.cpp, line 1312]
Event: 12.348 Thread 0x0000000000a0e000 Exception <a 'java/security/PrivilegedActionException'> (0x00000000ead070a8) thrown at [D:\re\workspace\8-2-build-windows-amd64-cygwin\jdk8u25\1677\hotspot\src\share\vm\prims\jvm.cpp, line 1312]
Event: 12.542 Thread 0x0000000000a0e000 Exception <a 'java/security/PrivilegedActionException'> (0x00000000ead873e0) thrown at [D:\re\workspace\8-2-build-windows-amd64-cygwin\jdk8u25\1677\hotspot\src\share\vm\prims\jvm.cpp, line 1312]

Events (10 events):
Event: 12.876 Thread 0x0000000000a0e000 DEOPT PACKING pc=0x0000000002c9bf30 sp=0x0000000000beef00
Event: 12.877 Thread 0x0000000000a0e000 DEOPT UNPACKING pc=0x00000000024175bf sp=0x0000000000beed48 mode 0
Event: 12.894 Thread 0x0000000000a0e000 DEOPT PACKING pc=0x0000000002c93255 sp=0x0000000000bef0d0
Event: 12.894 Thread 0x0000000000a0e000 DEOPT UNPACKING pc=0x00000000024175bf sp=0x0000000000beee40 mode 0
Event: 12.894 Thread 0x0000000000a0e000 DEOPT PACKING pc=0x0000000002c9239b sp=0x0000000000beeff0
Event: 12.894 Thread 0x0000000000a0e000 DEOPT UNPACKING pc=0x00000000024175bf sp=0x0000000000beed70 mode 0
Event: 12.895 Thread 0x0000000000a0e000 DEOPT PACKING pc=0x0000000002cab642 sp=0x0000000000beefb0
Event: 12.895 Thread 0x0000000000a0e000 DEOPT UNPACKING pc=0x00000000024175bf sp=0x0000000000beed68 mode 0
Event: 12.925 Thread 0x0000000000a0e000 DEOPT PACKING pc=0x0000000002ca9d6b sp=0x0000000000beefe0
Event: 12.925 Thread 0x0000000000a0e000 DEOPT UNPACKING pc=0x00000000024175bf sp=0x0000000000beed58 mode 0


Dynamic libraries:
0x00007ff611c60000 - 0x00007ff611c94000 	C:\Program Files\Java\jdk1.8.0_25\bin\java.exe
0x00007ffe15550000 - 0x00007ffe15711000 	C:\WINDOWS\SYSTEM32\ntdll.dll
0x00007ffe12fd0000 - 0x00007ffe1307d000 	C:\WINDOWS\system32\KERNEL32.DLL
0x00007ffe01a20000 - 0x00007ffe01a52000 	C:\Program Files (x86)\AVG\Av\avghooka.dll
0x00007ffe11d40000 - 0x00007ffe11f28000 	C:\WINDOWS\system32\KERNELBASE.dll
0x00007ffe15400000 - 0x00007ffe154a7000 	C:\WINDOWS\system32\ADVAPI32.dll
0x00007ffe12c50000 - 0x00007ffe12ced000 	C:\WINDOWS\system32\msvcrt.dll
0x00007ffe154b0000 - 0x00007ffe1550b000 	C:\WINDOWS\system32\sechost.dll
0x00007ffe13400000 - 0x00007ffe1351c000 	C:\WINDOWS\system32\RPCRT4.dll
0x00007ffe132a0000 - 0x00007ffe133f6000 	C:\WINDOWS\system32\USER32.dll
0x00007ffe14c90000 - 0x00007ffe14e16000 	C:\WINDOWS\system32\GDI32.dll
0x00007ffe0ab20000 - 0x00007ffe0ad94000 	C:\WINDOWS\WinSxS\amd64_microsoft.windows.common-controls_6595b64144ccf1df_6.0.10586.0_none_8c15ae12515e1c22\COMCTL32.dll
0x00007ffe12d50000 - 0x00007ffe12fcd000 	C:\WINDOWS\system32\combase.dll
0x00007ffe12270000 - 0x00007ffe122da000 	C:\WINDOWS\system32\bcryptPrimitives.dll
0x0000000000f90000 - 0x0000000000fcb000 	C:\WINDOWS\system32\IMM32.DLL
0x00007ffe105a0000 - 0x00007ffe105d1000 	C:\Windows\system32\nvinitx.dll
0x00007ffe10590000 - 0x00007ffe1059a000 	C:\WINDOWS\SYSTEM32\VERSION.dll
0x00000000677e0000 - 0x00000000677e6000 	C:\Program Files\NVIDIA Corporation\CoProcManager\_etoured.dll
0x00007ffe0fe20000 - 0x00007ffe0fe53000 	C:\Program Files\NVIDIA Corporation\CoProcManager\nvd3d9wrapx.dll
0x00007ffe14fd0000 - 0x00007ffe153f9000 	C:\WINDOWS\system32\SETUPAPI.dll
0x00007ffe12220000 - 0x00007ffe12263000 	C:\WINDOWS\system32\CFGMGR32.dll
0x00007ffe0fdf0000 - 0x00007ffe0fe12000 	C:\Program Files\NVIDIA Corporation\CoProcManager\nvdxgiwrapx.dll
0x0000000064ed0000 - 0x0000000064fa2000 	C:\Program Files\Java\jdk1.8.0_25\jre\bin\msvcr100.dll
0x0000000064fb0000 - 0x000000006580a000 	C:\Program Files\Java\jdk1.8.0_25\jre\bin\server\jvm.dll
0x00007ffe13220000 - 0x00007ffe13228000 	C:\WINDOWS\system32\PSAPI.DLL
0x00007ffe0f030000 - 0x00007ffe0f039000 	C:\WINDOWS\SYSTEM32\WSOCK32.dll
0x00007ffe13230000 - 0x00007ffe1329b000 	C:\WINDOWS\system32\WS2_32.dll
0x00007ffe0fda0000 - 0x00007ffe0fdc3000 	C:\WINDOWS\SYSTEM32\WINMM.dll
0x00007ffe0fd40000 - 0x00007ffe0fd6c000 	C:\WINDOWS\SYSTEM32\WINMMBASE.dll
0x0000000066200000 - 0x000000006620f000 	C:\Program Files\Java\jdk1.8.0_25\jre\bin\verify.dll
0x0000000065880000 - 0x00000000658a8000 	C:\Program Files\Java\jdk1.8.0_25\jre\bin\java.dll
0x00000000661e0000 - 0x00000000661f6000 	C:\Program Files\Java\jdk1.8.0_25\jre\bin\zip.dll
0x00007ffe13520000 - 0x00007ffe14a7c000 	C:\WINDOWS\system32\SHELL32.dll
0x00007ffe122e0000 - 0x00007ffe12925000 	C:\WINDOWS\system32\windows.storage.dll
0x00007ffe12950000 - 0x00007ffe129a2000 	C:\WINDOWS\system32\shlwapi.dll
0x00007ffe11bf0000 - 0x00007ffe11bff000 	C:\WINDOWS\system32\kernel.appcore.dll
0x00007ffe11f30000 - 0x00007ffe11fe5000 	C:\WINDOWS\system32\shcore.dll
0x00007ffe11b90000 - 0x00007ffe11bdb000 	C:\WINDOWS\system32\powrprof.dll
0x00007ffe11b70000 - 0x00007ffe11b84000 	C:\WINDOWS\system32\profapi.dll
0x0000000065860000 - 0x000000006587a000 	C:\Program Files\Java\jdk1.8.0_25\jre\bin\net.dll
0x00007ffe114a0000 - 0x00007ffe114fc000 	C:\WINDOWS\system32\mswsock.dll
0x00007ffe0e540000 - 0x00007ffe0e578000 	C:\WINDOWS\SYSTEM32\IPHLPAPI.DLL
0x00007ffe12b30000 - 0x00007ffe12b38000 	C:\WINDOWS\system32\NSI.dll
0x00007ffe0ddf0000 - 0x00007ffe0de06000 	C:\WINDOWS\SYSTEM32\dhcpcsvc6.DLL
0x00007ffe0ddd0000 - 0x00007ffe0ddea000 	C:\WINDOWS\SYSTEM32\dhcpcsvc.DLL

VM Arguments:
jvm_args: -Djava.awt.headless=true -Xmx1024M -Dfile.encoding=windows-1250 -Duser.country=PL -Duser.language=pl -Duser.variant 
java_command: com.android.dx.command.Main --dex --num-threads=4 --output C:\Users\Public\Projects\FibNative\app\build\intermediates\pre-dexed\debug\com.android.support-recyclerview-v7-23.1.0_e63327b974fa62160a1ce051b2ffae84bb46c047.jar C:\Users\Public\Projects\FibNative\app\build\intermediates\exploded-aar\com.android.support\recyclerview-v7\23.1.0\jars\classes.jar
java_class_path (initial): C:\Android\sdk\build-tools\23.0.1\lib\dx.jar
Launcher Type: SUN_STANDARD

Environment Variables:
JAVA_HOME=C:\Program Files\Java\jdk1.8.0_25\
PATH=C:\ProgramData\Oracle\Java\javapath;C:\Windows\system32;C:\Windows;C:\Windows\System32\Wbem;C:\Windows\System32\WindowsPowerShell\v1.0\;C:\Program Files (x86)\Intel\OpenCL SDK\2.0\bin\x86;C:\Program Files (x86)\Intel\OpenCL SDK\2.0\bin\x64;C:\Program Files (x86)\Windows Kits\8.1\Windows Performance Toolkit\;C:\MinGW\bin;C:\Program Files\Java\jdk1.8.0_25\bin;C:\OpenCV\opencv\build\x64\vc12\bin;C:\wamp\bin\php\php5.5.12;C:\OpenCV\opencv\build\x86\vc12\bin;C:\Users\£ukasz\AppData\Local\Android\sdk\platform-tools;C:\Program Files\MiKTeX 2.9\miktex\bin\x64\;C:\Python34;C:\Maven\bin;C:\sqllite3;C:\OpenCV\build\x64\vc10\bin;C:\Program Files (x86)\Calibre2\;C:\Program Files (x86)\NVIDIA Corporation\PhysX\Common;c:\wamp\bin\mysql\mysql5.6.17\bin;C:\Program Files (x86)\QuickTime\QTSystem\;C:\WINDOWS\system32;C:\WINDOWS;C:\WINDOWS\System32\Wbem;C:\WINDOWS\System32\WindowsPowerShell\v1.0\;C:\Program Files (x86)\Heroku\bin;C:\Program Files (x86)\git\cmd;C:\Program Files\Oracle\VirtualBox;C:\Android\sdk\platform-tools;C:\Program Files (x86)\Vim\vim74;C:\Android\ndk;C:\Program Files (x86)\Skype\Phone\;C:\Program Files\nodejs\;C:\Program Files (x86)\MySQL\MySQL Utilities\;C:\Program Files (x86)\MySQL\MySQL Utilities\Doctrine extensions for PHP\;C:\Python27\;C:\Program Files\Git\cmd;C:\Program Files\Git\mingw64\bin;C:\Program Files\Git\usr\bin;G:\bin;C:\Users\Lukasz\AppData\Roaming\npm
USERNAME=Lukasz
DISPLAY=:0
OS=Windows_NT
PROCESSOR_IDENTIFIER=Intel64 Family 6 Model 58 Stepping 9, GenuineIntel



---------------  S Y S T E M  ---------------

OS: Windows 8.1 , 64 bit Build 9600 

CPU:total 4 (2 cores per cpu, 2 threads per core) family 6 model 58 stepping 9, cmov, cx8, fxsr, mmx, sse, sse2, sse3, ssse3, sse4.1, sse4.2, popcnt, avx, aes, clmul, erms, ht, tsc, tscinvbit, tscinv

Memory: 4k page, physical 8248692k(552448k free), swap 12486300k(4296k free)

vm_info: Java HotSpot(TM) 64-Bit Server VM (25.25-b02) for windows-amd64 JRE (1.8.0_25-b18), built on Oct  7 2014 14:25:37 by "java_re" with MS VC++ 10.0 (VS2010)

time: Tue Feb 23 20:08:42 2016
elapsed time: 12 seconds (0d 0h 0m 12s)

